[0.172s] DEBUG:colcon:Command line arguments: ['/usr/bin/colcon', 'build']
[0.173s] DEBUG:colcon:Parsed command line arguments: Namespace(log_base=None, log_level=None, verb_name='build', build_base='build', install_base='install', merge_install=False, symlink_install=False, test_result_base=None, continue_on_error=False, executor='parallel', parallel_workers=20, event_handlers=None, ignore_user_meta=False, metas=['./colcon.meta'], base_paths=['.'], packages_ignore=None, packages_ignore_regex=None, paths=None, packages_up_to=None, packages_up_to_regex=None, packages_above=None, packages_above_and_dependencies=None, packages_above_depth=None, packages_select_by_dep=None, packages_skip_by_dep=None, packages_skip_up_to=None, packages_select_build_failed=False, packages_skip_build_finished=False, packages_select_test_failures=False, packages_skip_test_passed=False, packages_select=None, packages_skip=None, packages_select_regex=None, packages_skip_regex=None, packages_start=None, packages_end=None, cmake_args=None, cmake_target=None, cmake_target_skip_unavailable=False, cmake_clean_cache=False, cmake_clean_first=False, cmake_force_configure=False, ament_cmake_args=None, catkin_cmake_args=None, catkin_skip_building_tests=False, mixin_files=None, mixin=None, verb_parser=<colcon_mixin.mixin.mixin_argument.MixinArgumentDecorator object at 0x7f13f267bf40>, verb_extension=<colcon_core.verb.build.BuildVerb object at 0x7f13f267b940>, main=<bound method BuildVerb.main of <colcon_core.verb.build.BuildVerb object at 0x7f13f267b940>>, mixin_verb=('build',))
[0.435s] Level 1:colcon.colcon_core.package_discovery:discover_packages(colcon_meta) check parameters
[0.435s] Level 1:colcon.colcon_core.package_discovery:discover_packages(recursive) check parameters
[0.436s] Level 1:colcon.colcon_core.package_discovery:discover_packages(ignore) check parameters
[0.436s] Level 1:colcon.colcon_core.package_discovery:discover_packages(path) check parameters
[0.436s] Level 1:colcon.colcon_core.package_discovery:discover_packages(colcon_meta) discover
[0.436s] Level 1:colcon.colcon_core.package_discovery:discover_packages(recursive) discover
[0.436s] INFO:colcon.colcon_core.package_discovery:Crawling recursively for packages in '/home/Robosub/ros2_ws'
[0.437s] Level 1:colcon.colcon_core.package_identification:_identify(.) by extensions ['ignore', 'ignore_ament_install']
[0.437s] Level 1:colcon.colcon_core.package_identification:_identify(.) by extension 'ignore'
[0.438s] Level 1:colcon.colcon_core.package_identification:_identify(.) by extension 'ignore_ament_install'
[0.438s] Level 1:colcon.colcon_core.package_identification:_identify(.) by extensions ['colcon_pkg']
[0.438s] Level 1:colcon.colcon_core.package_identification:_identify(.) by extension 'colcon_pkg'
[0.438s] Level 1:colcon.colcon_core.package_identification:_identify(.) by extensions ['colcon_meta']
[0.438s] Level 1:colcon.colcon_core.package_identification:_identify(.) by extension 'colcon_meta'
[0.438s] Level 1:colcon.colcon_core.package_identification:_identify(.) by extensions ['ros']
[0.438s] Level 1:colcon.colcon_core.package_identification:_identify(.) by extension 'ros'
[0.463s] Level 1:colcon.colcon_core.package_identification:_identify(.) by extensions ['cmake', 'python']
[0.463s] Level 1:colcon.colcon_core.package_identification:_identify(.) by extension 'cmake'
[0.464s] Level 1:colcon.colcon_core.package_identification:_identify(.) by extension 'python'
[0.464s] Level 1:colcon.colcon_core.package_identification:_identify(.) by extensions ['python_setup_py']
[0.464s] Level 1:colcon.colcon_core.package_identification:_identify(.) by extension 'python_setup_py'
[0.464s] Level 1:colcon.colcon_core.package_identification:_identify(build) by extensions ['ignore', 'ignore_ament_install']
[0.464s] Level 1:colcon.colcon_core.package_identification:_identify(build) by extension 'ignore'
[0.464s] Level 1:colcon.colcon_core.package_identification:_identify(build) ignored
[0.465s] Level 1:colcon.colcon_core.package_identification:_identify(install) by extensions ['ignore', 'ignore_ament_install']
[0.465s] Level 1:colcon.colcon_core.package_identification:_identify(install) by extension 'ignore'
[0.465s] Level 1:colcon.colcon_core.package_identification:_identify(install) ignored
[0.465s] Level 1:colcon.colcon_core.package_identification:_identify(log) by extensions ['ignore', 'ignore_ament_install']
[0.466s] Level 1:colcon.colcon_core.package_identification:_identify(log) by extension 'ignore'
[0.466s] Level 1:colcon.colcon_core.package_identification:_identify(log) ignored
[0.466s] Level 1:colcon.colcon_core.package_identification:_identify(src) by extensions ['ignore', 'ignore_ament_install']
[0.466s] Level 1:colcon.colcon_core.package_identification:_identify(src) by extension 'ignore'
[0.466s] Level 1:colcon.colcon_core.package_identification:_identify(src) by extension 'ignore_ament_install'
[0.466s] Level 1:colcon.colcon_core.package_identification:_identify(src) by extensions ['colcon_pkg']
[0.466s] Level 1:colcon.colcon_core.package_identification:_identify(src) by extension 'colcon_pkg'
[0.466s] Level 1:colcon.colcon_core.package_identification:_identify(src) by extensions ['colcon_meta']
[0.466s] Level 1:colcon.colcon_core.package_identification:_identify(src) by extension 'colcon_meta'
[0.467s] Level 1:colcon.colcon_core.package_identification:_identify(src) by extensions ['ros']
[0.467s] Level 1:colcon.colcon_core.package_identification:_identify(src) by extension 'ros'
[0.467s] Level 1:colcon.colcon_core.package_identification:_identify(src) by extensions ['cmake', 'python']
[0.467s] Level 1:colcon.colcon_core.package_identification:_identify(src) by extension 'cmake'
[0.467s] Level 1:colcon.colcon_core.package_identification:_identify(src) by extension 'python'
[0.467s] Level 1:colcon.colcon_core.package_identification:_identify(src) by extensions ['python_setup_py']
[0.467s] Level 1:colcon.colcon_core.package_identification:_identify(src) by extension 'python_setup_py'
[0.470s] Level 1:colcon.colcon_core.package_identification:_identify(src/RoboSubTests) by extensions ['ignore', 'ignore_ament_install']
[0.470s] Level 1:colcon.colcon_core.package_identification:_identify(src/RoboSubTests) by extension 'ignore'
[0.470s] Level 1:colcon.colcon_core.package_identification:_identify(src/RoboSubTests) by extension 'ignore_ament_install'
[0.471s] Level 1:colcon.colcon_core.package_identification:_identify(src/RoboSubTests) by extensions ['colcon_pkg']
[0.478s] Level 1:colcon.colcon_core.package_identification:_identify(src/RoboSubTests) by extension 'colcon_pkg'
[0.478s] Level 1:colcon.colcon_core.package_identification:_identify(src/RoboSubTests) by extensions ['colcon_meta']
[0.478s] Level 1:colcon.colcon_core.package_identification:_identify(src/RoboSubTests) by extension 'colcon_meta'
[0.478s] Level 1:colcon.colcon_core.package_identification:_identify(src/RoboSubTests) by extensions ['ros']
[0.479s] Level 1:colcon.colcon_core.package_identification:_identify(src/RoboSubTests) by extension 'ros'
[0.479s] Level 1:colcon.colcon_core.package_identification:_identify(src/RoboSubTests) by extensions ['cmake', 'python']
[0.479s] Level 1:colcon.colcon_core.package_identification:_identify(src/RoboSubTests) by extension 'cmake'
[0.479s] Level 1:colcon.colcon_core.package_identification:_identify(src/RoboSubTests) by extension 'python'
[0.479s] Level 1:colcon.colcon_core.package_identification:_identify(src/RoboSubTests) by extensions ['python_setup_py']
[0.479s] Level 1:colcon.colcon_core.package_identification:_identify(src/RoboSubTests) by extension 'python_setup_py'
[0.479s] Level 1:colcon.colcon_core.package_identification:_identify(src/ros_testing) by extensions ['ignore', 'ignore_ament_install']
[0.480s] Level 1:colcon.colcon_core.package_identification:_identify(src/ros_testing) by extension 'ignore'
[0.480s] Level 1:colcon.colcon_core.package_identification:_identify(src/ros_testing) by extension 'ignore_ament_install'
[0.480s] Level 1:colcon.colcon_core.package_identification:_identify(src/ros_testing) by extensions ['colcon_pkg']
[0.480s] Level 1:colcon.colcon_core.package_identification:_identify(src/ros_testing) by extension 'colcon_pkg'
[0.480s] Level 1:colcon.colcon_core.package_identification:_identify(src/ros_testing) by extensions ['colcon_meta']
[0.480s] Level 1:colcon.colcon_core.package_identification:_identify(src/ros_testing) by extension 'colcon_meta'
[0.480s] Level 1:colcon.colcon_core.package_identification:_identify(src/ros_testing) by extensions ['ros']
[0.480s] Level 1:colcon.colcon_core.package_identification:_identify(src/ros_testing) by extension 'ros'
[0.480s] Level 1:colcon.colcon_core.package_identification:_identify(src/ros_testing) by extensions ['cmake', 'python']
[0.480s] Level 1:colcon.colcon_core.package_identification:_identify(src/ros_testing) by extension 'cmake'
[0.481s] Level 1:colcon.colcon_core.package_identification:_identify(src/ros_testing) by extension 'python'
[0.481s] Level 1:colcon.colcon_core.package_identification:_identify(src/ros_testing) by extensions ['python_setup_py']
[0.481s] Level 1:colcon.colcon_core.package_identification:_identify(src/ros_testing) by extension 'python_setup_py'
[0.481s] Level 1:colcon.colcon_core.package_identification:_identify(src/ros_testing/test_package) by extensions ['ignore', 'ignore_ament_install']
[0.481s] Level 1:colcon.colcon_core.package_identification:_identify(src/ros_testing/test_package) by extension 'ignore'
[0.481s] Level 1:colcon.colcon_core.package_identification:_identify(src/ros_testing/test_package) by extension 'ignore_ament_install'
[0.481s] Level 1:colcon.colcon_core.package_identification:_identify(src/ros_testing/test_package) by extensions ['colcon_pkg']
[0.481s] Level 1:colcon.colcon_core.package_identification:_identify(src/ros_testing/test_package) by extension 'colcon_pkg'
[0.482s] Level 1:colcon.colcon_core.package_identification:_identify(src/ros_testing/test_package) by extensions ['colcon_meta']
[0.482s] Level 1:colcon.colcon_core.package_identification:_identify(src/ros_testing/test_package) by extension 'colcon_meta'
[0.482s] Level 1:colcon.colcon_core.package_identification:_identify(src/ros_testing/test_package) by extensions ['ros']
[0.482s] Level 1:colcon.colcon_core.package_identification:_identify(src/ros_testing/test_package) by extension 'ros'
[0.487s] DEBUG:colcon.colcon_core.package_identification:Package 'src/ros_testing/test_package' with type 'ros.ament_cmake' and name 'test_package'
[0.488s] Level 1:colcon.colcon_core.package_discovery:discover_packages(recursive) using defaults
[0.488s] Level 1:colcon.colcon_core.package_discovery:discover_packages(ignore) discover
[0.488s] Level 1:colcon.colcon_core.package_discovery:discover_packages(ignore) using defaults
[0.488s] Level 1:colcon.colcon_core.package_discovery:discover_packages(path) discover
[0.488s] Level 1:colcon.colcon_core.package_discovery:discover_packages(path) using defaults
[0.533s] Level 5:colcon.colcon_core.verb:set package 'test_package' build argument 'cmake_args' from command line to 'None'
[0.533s] Level 5:colcon.colcon_core.verb:set package 'test_package' build argument 'cmake_target' from command line to 'None'
[0.534s] Level 5:colcon.colcon_core.verb:set package 'test_package' build argument 'cmake_target_skip_unavailable' from command line to 'False'
[0.534s] Level 5:colcon.colcon_core.verb:set package 'test_package' build argument 'cmake_clean_cache' from command line to 'False'
[0.534s] Level 5:colcon.colcon_core.verb:set package 'test_package' build argument 'cmake_clean_first' from command line to 'False'
[0.534s] Level 5:colcon.colcon_core.verb:set package 'test_package' build argument 'cmake_force_configure' from command line to 'False'
[0.534s] Level 5:colcon.colcon_core.verb:set package 'test_package' build argument 'ament_cmake_args' from command line to 'None'
[0.534s] Level 5:colcon.colcon_core.verb:set package 'test_package' build argument 'catkin_cmake_args' from command line to 'None'
[0.534s] Level 5:colcon.colcon_core.verb:set package 'test_package' build argument 'catkin_skip_building_tests' from command line to 'False'
[0.534s] DEBUG:colcon.colcon_core.verb:Building package 'test_package' with the following arguments: {'ament_cmake_args': None, 'build_base': '/home/Robosub/ros2_ws/build/test_package', 'catkin_cmake_args': None, 'catkin_skip_building_tests': False, 'cmake_args': None, 'cmake_clean_cache': False, 'cmake_clean_first': False, 'cmake_force_configure': False, 'cmake_target': None, 'cmake_target_skip_unavailable': False, 'install_base': '/home/Robosub/ros2_ws/install/test_package', 'merge_install': False, 'path': '/home/Robosub/ros2_ws/src/ros_testing/test_package', 'symlink_install': False, 'test_result_base': None}
[0.534s] INFO:colcon.colcon_core.executor:Executing jobs using 'parallel' executor
[0.536s] DEBUG:colcon.colcon_parallel_executor.executor.parallel:run_until_complete
[0.537s] INFO:colcon.colcon_ros.task.ament_cmake.build:Building ROS package in '/home/Robosub/ros2_ws/src/ros_testing/test_package' with build type 'ament_cmake'
[0.538s] INFO:colcon.colcon_cmake.task.cmake.build:Building CMake package in '/home/Robosub/ros2_ws/src/ros_testing/test_package'
[0.542s] INFO:colcon.colcon_core.plugin_system:Skipping extension 'colcon_core.shell.bat': Not used on non-Windows systems
[0.543s] INFO:colcon.colcon_core.shell:Skip shell extension 'powershell' for command environment: Not usable outside of PowerShell
[0.543s] DEBUG:colcon.colcon_core.shell:Skip shell extension 'dsv' for command environment
[0.591s] DEBUG:colcon.colcon_core.event_handler.log_command:Invoking command in '/home/Robosub/ros2_ws/build/test_package': CMAKE_PREFIX_PATH=${CMAKE_PREFIX_PATH}:/opt/ros/humble /usr/bin/cmake /home/Robosub/ros2_ws/src/ros_testing/test_package -DCMAKE_INSTALL_PREFIX=/home/Robosub/ros2_ws/install/test_package
[1.897s] DEBUG:colcon.colcon_core.event_handler.log_command:Invoked command in '/home/Robosub/ros2_ws/build/test_package' returned '0': CMAKE_PREFIX_PATH=${CMAKE_PREFIX_PATH}:/opt/ros/humble /usr/bin/cmake /home/Robosub/ros2_ws/src/ros_testing/test_package -DCMAKE_INSTALL_PREFIX=/home/Robosub/ros2_ws/install/test_package
[1.901s] DEBUG:colcon.colcon_core.event_handler.log_command:Invoking command in '/home/Robosub/ros2_ws/build/test_package': CMAKE_PREFIX_PATH=${CMAKE_PREFIX_PATH}:/opt/ros/humble /usr/bin/cmake --build /home/Robosub/ros2_ws/build/test_package -- -j20 -l20
[1.977s] DEBUG:colcon.colcon_core.event_handler.log_command:Invoked command in '/home/Robosub/ros2_ws/build/test_package' returned '0': CMAKE_PREFIX_PATH=${CMAKE_PREFIX_PATH}:/opt/ros/humble /usr/bin/cmake --build /home/Robosub/ros2_ws/build/test_package -- -j20 -l20
[2.042s] DEBUG:colcon.colcon_core.event_handler.log_command:Invoking command in '/home/Robosub/ros2_ws/build/test_package': CMAKE_PREFIX_PATH=${CMAKE_PREFIX_PATH}:/opt/ros/humble /usr/bin/cmake --install /home/Robosub/ros2_ws/build/test_package
[2.067s] Level 1:colcon.colcon_core.environment:create_environment_scripts_only(test_package)
[2.069s] DEBUG:colcon.colcon_core.event_handler.log_command:Invoked command in '/home/Robosub/ros2_ws/build/test_package' returned '0': CMAKE_PREFIX_PATH=${CMAKE_PREFIX_PATH}:/opt/ros/humble /usr/bin/cmake --install /home/Robosub/ros2_ws/build/test_package
[2.074s] Level 1:colcon.colcon_core.environment:checking '/home/Robosub/ros2_ws/install/test_package' for CMake module files
[2.074s] Level 1:colcon.colcon_core.environment:checking '/home/Robosub/ros2_ws/install/test_package' for CMake config files
[2.074s] Level 1:colcon.colcon_core.shell:create_environment_hook('test_package', 'cmake_prefix_path')
[2.075s] INFO:colcon.colcon_core.shell:Creating environment hook '/home/Robosub/ros2_ws/install/test_package/share/test_package/hook/cmake_prefix_path.ps1'
[2.076s] INFO:colcon.colcon_core.shell:Creating environment descriptor '/home/Robosub/ros2_ws/install/test_package/share/test_package/hook/cmake_prefix_path.dsv'
[2.076s] INFO:colcon.colcon_core.shell:Creating environment hook '/home/Robosub/ros2_ws/install/test_package/share/test_package/hook/cmake_prefix_path.sh'
[2.078s] Level 1:colcon.colcon_core.environment:checking '/home/Robosub/ros2_ws/install/test_package/bin'
[2.078s] Level 1:colcon.colcon_core.environment:checking '/home/Robosub/ros2_ws/install/test_package/lib/pkgconfig/test_package.pc'
[2.081s] Level 1:colcon.colcon_core.environment:checking '/home/Robosub/ros2_ws/install/test_package/lib/python3.10/site-packages'
[2.081s] Level 1:colcon.colcon_core.environment:checking '/home/Robosub/ros2_ws/install/test_package/bin'
[2.082s] INFO:colcon.colcon_core.shell:Creating package script '/home/Robosub/ros2_ws/install/test_package/share/test_package/package.ps1'
[2.083s] INFO:colcon.colcon_core.shell:Creating package descriptor '/home/Robosub/ros2_ws/install/test_package/share/test_package/package.dsv'
[2.084s] INFO:colcon.colcon_core.shell:Creating package script '/home/Robosub/ros2_ws/install/test_package/share/test_package/package.sh'
[2.085s] INFO:colcon.colcon_core.shell:Creating package script '/home/Robosub/ros2_ws/install/test_package/share/test_package/package.bash'
[2.086s] INFO:colcon.colcon_core.shell:Creating package script '/home/Robosub/ros2_ws/install/test_package/share/test_package/package.zsh'
[2.088s] Level 1:colcon.colcon_core.environment:create_file_with_runtime_dependencies(/home/Robosub/ros2_ws/install/test_package/share/colcon-core/packages/test_package)
[2.128s] Level 1:colcon.colcon_core.environment:create_environment_scripts_only(test_package)
[2.129s] Level 1:colcon.colcon_core.environment:checking '/home/Robosub/ros2_ws/install/test_package' for CMake module files
[2.129s] Level 1:colcon.colcon_core.environment:checking '/home/Robosub/ros2_ws/install/test_package' for CMake config files
[2.130s] Level 1:colcon.colcon_core.shell:create_environment_hook('test_package', 'cmake_prefix_path')
[2.130s] INFO:colcon.colcon_core.shell:Creating environment hook '/home/Robosub/ros2_ws/install/test_package/share/test_package/hook/cmake_prefix_path.ps1'
[2.131s] INFO:colcon.colcon_core.shell:Creating environment descriptor '/home/Robosub/ros2_ws/install/test_package/share/test_package/hook/cmake_prefix_path.dsv'
[2.131s] INFO:colcon.colcon_core.shell:Creating environment hook '/home/Robosub/ros2_ws/install/test_package/share/test_package/hook/cmake_prefix_path.sh'
[2.132s] Level 1:colcon.colcon_core.environment:checking '/home/Robosub/ros2_ws/install/test_package/bin'
[2.132s] Level 1:colcon.colcon_core.environment:checking '/home/Robosub/ros2_ws/install/test_package/lib/pkgconfig/test_package.pc'
[2.133s] Level 1:colcon.colcon_core.environment:checking '/home/Robosub/ros2_ws/install/test_package/lib/python3.10/site-packages'
[2.133s] Level 1:colcon.colcon_core.environment:checking '/home/Robosub/ros2_ws/install/test_package/bin'
[2.134s] INFO:colcon.colcon_core.shell:Creating package script '/home/Robosub/ros2_ws/install/test_package/share/test_package/package.ps1'
[2.135s] INFO:colcon.colcon_core.shell:Creating package descriptor '/home/Robosub/ros2_ws/install/test_package/share/test_package/package.dsv'
[2.135s] INFO:colcon.colcon_core.shell:Creating package script '/home/Robosub/ros2_ws/install/test_package/share/test_package/package.sh'
[2.136s] INFO:colcon.colcon_core.shell:Creating package script '/home/Robosub/ros2_ws/install/test_package/share/test_package/package.bash'
[2.137s] INFO:colcon.colcon_core.shell:Creating package script '/home/Robosub/ros2_ws/install/test_package/share/test_package/package.zsh'
[2.137s] Level 1:colcon.colcon_core.environment:create_file_with_runtime_dependencies(/home/Robosub/ros2_ws/install/test_package/share/colcon-core/packages/test_package)
[2.138s] DEBUG:colcon.colcon_parallel_executor.executor.parallel:closing loop
[2.139s] DEBUG:colcon.colcon_parallel_executor.executor.parallel:loop closed
[2.139s] DEBUG:colcon.colcon_parallel_executor.executor.parallel:run_until_complete finished with '0'
[2.139s] DEBUG:colcon.colcon_core.event_reactor:joining thread
[2.161s] INFO:colcon.colcon_core.plugin_system:Skipping extension 'colcon_notification.desktop_notification.notify_send': Could not find 'notify-send'
[2.161s] INFO:colcon.colcon_core.plugin_system:Skipping extension 'colcon_notification.desktop_notification.terminal_notifier': Not used on non-Darwin systems
[2.161s] INFO:colcon.colcon_core.plugin_system:Skipping extension 'colcon_notification.desktop_notification.win32': Not used on non-Windows systems
[2.161s] INFO:colcon.colcon_notification.desktop_notification:Sending desktop notification using 'notify2'
[2.173s] DEBUG:colcon.colcon_notification.desktop_notification.notify2:Failed to initialize notify2: org.freedesktop.DBus.Error.Spawn.ExecFailed: /usr/bin/dbus-launch terminated abnormally without any error message
[2.174s] DEBUG:colcon.colcon_core.event_reactor:joined thread
[2.175s] INFO:colcon.colcon_core.shell:Creating prefix script '/home/Robosub/ros2_ws/install/local_setup.ps1'
[2.178s] INFO:colcon.colcon_core.shell:Creating prefix util module '/home/Robosub/ros2_ws/install/_local_setup_util_ps1.py'
[2.180s] INFO:colcon.colcon_core.shell:Creating prefix chain script '/home/Robosub/ros2_ws/install/setup.ps1'
[2.182s] INFO:colcon.colcon_core.shell:Creating prefix script '/home/Robosub/ros2_ws/install/local_setup.sh'
[2.183s] INFO:colcon.colcon_core.shell:Creating prefix util module '/home/Robosub/ros2_ws/install/_local_setup_util_sh.py'
[2.184s] INFO:colcon.colcon_core.shell:Creating prefix chain script '/home/Robosub/ros2_ws/install/setup.sh'
[2.187s] INFO:colcon.colcon_core.shell:Creating prefix script '/home/Robosub/ros2_ws/install/local_setup.bash'
[2.188s] INFO:colcon.colcon_core.shell:Creating prefix chain script '/home/Robosub/ros2_ws/install/setup.bash'
[2.192s] INFO:colcon.colcon_core.shell:Creating prefix script '/home/Robosub/ros2_ws/install/local_setup.zsh'
[2.193s] INFO:colcon.colcon_core.shell:Creating prefix chain script '/home/Robosub/ros2_ws/install/setup.zsh'
