[0.000000] (-) TimerEvent: {}
[0.000417] (TestPerception) JobQueued: {'identifier': 'TestPerception', 'dependencies': OrderedDict()}
[0.000517] (TestPerception) JobStarted: {'identifier': 'TestPerception'}
[0.042675] (TestPerception) JobProgress: {'identifier': 'TestPerception', 'progress': 'cmake'}
[0.043189] (TestPerception) Command: {'cmd': ['/usr/bin/cmake', '/home/Robosub/ros2_ws/src/TestPerception', '-DCMAKE_INSTALL_PREFIX=/home/Robosub/ros2_ws/install/TestPerception'], 'cwd': '/home/Robosub/ros2_ws/build/TestPerception', 'env': OrderedDict([('GZ_SIM_RESOURCE_PATH', '/home/tdeng23/tb_ws/install/asl_tb3_sim/share'), ('HOSTNAME', 'Thomas-II'), ('GIT_ASKPASS', '/vscode/vscode-server/bin/linux-x64/e10f2369d0d9614a452462f2e01cdc4aa9486296/extensions/git/dist/askpass.sh'), ('SHLVL', '2'), ('LD_LIBRARY_PATH', '/home/tdeng23/tb_ws/install/ros_ign_interfaces/lib:/home/tdeng23/tb_ws/install/ros_gz_sim/lib:/home/tdeng23/tb_ws/install/ros_gz_bridge/lib:/home/tdeng23/tb_ws/install/ros_gz_interfaces/lib:/home/tdeng23/tb_ws/install/asl_tb3_msgs/lib:/opt/ros/humble/opt/rviz_ogre_vendor/lib:/opt/ros/humble/lib/x86_64-linux-gnu:/opt/ros/humble/lib'), ('BROWSER', '/vscode/vscode-server/bin/linux-x64/e10f2369d0d9614a452462f2e01cdc4aa9486296/bin/helpers/browser.sh'), ('HOME', '/home/tdeng23'), ('OLDPWD', '/home/Robosub/ros2_ws/src'), ('TERM_PROGRAM_VERSION', '1.94.1'), ('VSCODE_IPC_HOOK_CLI', '/tmp/vscode-ipc-b4e085cd-aeaa-4935-8c60-cd11fc9b6c0c.sock'), ('ROS_PYTHON_VERSION', '3'), ('VSCODE_GIT_ASKPASS_MAIN', '/vscode/vscode-server/bin/linux-x64/e10f2369d0d9614a452462f2e01cdc4aa9486296/extensions/git/dist/askpass-main.js'), ('VSCODE_GIT_ASKPASS_NODE', '/vscode/vscode-server/bin/linux-x64/e10f2369d0d9614a452462f2e01cdc4aa9486296/node'), ('COLORTERM', 'truecolor'), ('REMOTE_CONTAINERS', 'true'), ('WAYLAND_DISPLAY', 'vscode-wayland-bed24e28-66ae-433b-9b5b-ddc4d4fcdf30.sock'), ('COLCON_PREFIX_PATH', '/home/tdeng23/tb_ws/install'), ('ROS_DISTRO', 'humble'), ('REMOTE_CONTAINERS_IPC', '/tmp/vscode-remote-containers-ipc-52b71f90-5abb-4c34-ac1e-80c617778928.sock'), ('_', '/usr/bin/colcon'), ('ROS_VERSION', '2'), ('TERM', 'xterm-256color'), ('ROS_LOCALHOST_ONLY', '1'), ('PATH', '/opt/ros/humble/bin:/vscode/vscode-server/bin/linux-x64/e10f2369d0d9614a452462f2e01cdc4aa9486296/bin/remote-cli:/usr/local/sbin:/usr/local/bin:/usr/sbin:/usr/bin:/sbin:/bin'), ('XDG_RUNTIME_DIR', '/tmp/user/1000'), ('REMOTE_CONTAINERS_SOCKETS', '["/home/tdeng23/.gnupg/S.gpg-agent"]'), ('DISPLAY', ':0'), ('LANG', 'C.UTF-8'), ('VSCODE_GIT_IPC_HANDLE', '/tmp/user/1000/vscode-git-d1dc1252ee.sock'), ('TERM_PROGRAM', 'vscode'), ('ROS_DOMAIN_ID', '42'), ('AMENT_PREFIX_PATH', '/home/tdeng23/tb_ws/install/test_ros_gz_bridge:/home/tdeng23/tb_ws/install/ros_ign_interfaces:/home/tdeng23/tb_ws/install/ros_ign:/home/tdeng23/tb_ws/install/ros_ign_image:/home/tdeng23/tb_ws/install/ros_ign_gazebo_demos:/home/tdeng23/tb_ws/install/ros_ign_gazebo:/home/tdeng23/tb_ws/install/ros_ign_bridge:/home/tdeng23/tb_ws/install/ros_gz:/home/tdeng23/tb_ws/install/ros_gz_sim_demos:/home/tdeng23/tb_ws/install/asl_tb3_sim:/home/tdeng23/tb_ws/install/ros_gz_sim:/home/tdeng23/tb_ws/install/ros_gz_image:/home/tdeng23/tb_ws/install/ros_gz_bridge:/home/tdeng23/tb_ws/install/ros_gz_interfaces:/home/tdeng23/tb_ws/install/asl_tb3_examples:/home/tdeng23/tb_ws/install/asl_tb3_lib:/home/tdeng23/tb_ws/install/asl_tb3_msgs:/home/tdeng23/tb_ws/install/asl_tb3_driver:/opt/ros/humble'), ('SHELL', '/bin/bash'), ('IGN_GAZEBO_RESOURCE_PATH', '/home/tdeng23/tb_ws/install/ros_gz_sim_demos/share'), ('VSCODE_GIT_ASKPASS_EXTRA_ARGS', ''), ('PWD', '/home/Robosub/ros2_ws/build/TestPerception'), ('LC_ALL', 'C.UTF-8'), ('PYTHONPATH', '/home/tdeng23/tb_ws/install/ros_ign_interfaces/local/lib/python3.10/dist-packages:/home/tdeng23/tb_ws/install/ros_gz_interfaces/local/lib/python3.10/dist-packages:/home/tdeng23/tb_ws/install/asl_tb3_examples/local/lib/python3.10/dist-packages:/home/tdeng23/tb_ws/install/asl_tb3_lib/local/lib/python3.10/dist-packages:/home/tdeng23/tb_ws/install/asl_tb3_msgs/local/lib/python3.10/dist-packages:/opt/ros/humble/lib/python3.10/site-packages:/opt/ros/humble/local/lib/python3.10/dist-packages'), ('COLCON', '1'), ('CMAKE_PREFIX_PATH', '/home/tdeng23/tb_ws/install/test_ros_gz_bridge:/home/tdeng23/tb_ws/install/ros_ign_interfaces:/home/tdeng23/tb_ws/install/ros_ign:/home/tdeng23/tb_ws/install/ros_ign_image:/home/tdeng23/tb_ws/install/ros_ign_gazebo_demos:/home/tdeng23/tb_ws/install/ros_ign_gazebo:/home/tdeng23/tb_ws/install/ros_ign_bridge:/home/tdeng23/tb_ws/install/ros_gz:/home/tdeng23/tb_ws/install/ros_gz_sim_demos:/home/tdeng23/tb_ws/install/asl_tb3_sim:/home/tdeng23/tb_ws/install/ros_gz_sim:/home/tdeng23/tb_ws/install/ros_gz_image:/home/tdeng23/tb_ws/install/ros_gz_bridge:/home/tdeng23/tb_ws/install/ros_gz_interfaces:/home/tdeng23/tb_ws/install/asl_tb3_examples:/home/tdeng23/tb_ws/install/asl_tb3_lib:/home/tdeng23/tb_ws/install/asl_tb3_msgs:/home/tdeng23/tb_ws/install/asl_tb3_driver:/opt/ros/humble')]), 'shell': False}
[0.098211] (-) TimerEvent: {}
[0.198778] (-) TimerEvent: {}
[0.290271] (TestPerception) StdoutLine: {'line': b'-- The C compiler identification is GNU 11.4.0\n'}
[0.299027] (-) TimerEvent: {}
[0.399537] (-) TimerEvent: {}
[0.489187] (TestPerception) StdoutLine: {'line': b'-- The CXX compiler identification is GNU 11.4.0\n'}
[0.499656] (-) TimerEvent: {}
[0.511521] (TestPerception) StdoutLine: {'line': b'-- Detecting C compiler ABI info\n'}
[0.599832] (-) TimerEvent: {}
[0.646361] (TestPerception) StdoutLine: {'line': b'-- Detecting C compiler ABI info - done\n'}
[0.660970] (TestPerception) StdoutLine: {'line': b'-- Check for working C compiler: /usr/bin/cc - skipped\n'}
[0.663245] (TestPerception) StdoutLine: {'line': b'-- Detecting C compile features\n'}
[0.665825] (TestPerception) StdoutLine: {'line': b'-- Detecting C compile features - done\n'}
[0.675549] (TestPerception) StdoutLine: {'line': b'-- Detecting CXX compiler ABI info\n'}
[0.700037] (-) TimerEvent: {}
[0.800575] (-) TimerEvent: {}
[0.866981] (TestPerception) StdoutLine: {'line': b'-- Detecting CXX compiler ABI info - done\n'}
[0.886708] (TestPerception) StdoutLine: {'line': b'-- Check for working CXX compiler: /usr/bin/c++ - skipped\n'}
[0.887261] (TestPerception) StdoutLine: {'line': b'-- Detecting CXX compile features\n'}
[0.888185] (TestPerception) StdoutLine: {'line': b'-- Detecting CXX compile features - done\n'}
[0.900738] (-) TimerEvent: {}
[0.912276] (TestPerception) StdoutLine: {'line': b'-- Found ament_cmake: 1.3.10 (/opt/ros/humble/share/ament_cmake/cmake)\n'}
[1.000934] (-) TimerEvent: {}
[1.101451] (-) TimerEvent: {}
[1.201960] (-) TimerEvent: {}
[1.252936] (TestPerception) StdoutLine: {'line': b'-- Found Python3: /usr/bin/python3 (found version "3.10.12") found components: Interpreter \n'}
[1.302153] (-) TimerEvent: {}
[1.402769] (-) TimerEvent: {}
[1.503378] (-) TimerEvent: {}
[1.536447] (TestPerception) StdoutLine: {'line': b'-- Found ament_lint_auto: 0.12.11 (/opt/ros/humble/share/ament_lint_auto/cmake)\n'}
[1.603533] (-) TimerEvent: {}
[1.643761] (TestPerception) StderrLine: {'line': b'WARNING: Package name "TestPerception" does not follow the naming conventions. It should start with a lower case letter and only contain lower case letters, digits, underscores, and dashes.\n'}
[1.703943] (-) TimerEvent: {}
[1.722540] (TestPerception) StdoutLine: {'line': b"-- Added test 'lint_cmake' to check CMake code style\n"}
[1.726918] (TestPerception) StdoutLine: {'line': b"-- Added test 'xmllint' to check XML markup files\n"}
[1.734125] (TestPerception) StdoutLine: {'line': b'-- Configuring done\n'}
[1.738898] (TestPerception) StdoutLine: {'line': b'-- Generating done\n'}
[1.740793] (TestPerception) StdoutLine: {'line': b'-- Build files have been written to: /home/Robosub/ros2_ws/build/TestPerception\n'}
[1.749590] (TestPerception) CommandEnded: {'returncode': 0}
[1.752925] (TestPerception) JobProgress: {'identifier': 'TestPerception', 'progress': 'build'}
[1.753020] (TestPerception) Command: {'cmd': ['/usr/bin/cmake', '--build', '/home/Robosub/ros2_ws/build/TestPerception', '--', '-j20', '-l20'], 'cwd': '/home/Robosub/ros2_ws/build/TestPerception', 'env': OrderedDict([('GZ_SIM_RESOURCE_PATH', '/home/tdeng23/tb_ws/install/asl_tb3_sim/share'), ('HOSTNAME', 'Thomas-II'), ('GIT_ASKPASS', '/vscode/vscode-server/bin/linux-x64/e10f2369d0d9614a452462f2e01cdc4aa9486296/extensions/git/dist/askpass.sh'), ('SHLVL', '2'), ('LD_LIBRARY_PATH', '/home/tdeng23/tb_ws/install/ros_ign_interfaces/lib:/home/tdeng23/tb_ws/install/ros_gz_sim/lib:/home/tdeng23/tb_ws/install/ros_gz_bridge/lib:/home/tdeng23/tb_ws/install/ros_gz_interfaces/lib:/home/tdeng23/tb_ws/install/asl_tb3_msgs/lib:/opt/ros/humble/opt/rviz_ogre_vendor/lib:/opt/ros/humble/lib/x86_64-linux-gnu:/opt/ros/humble/lib'), ('BROWSER', '/vscode/vscode-server/bin/linux-x64/e10f2369d0d9614a452462f2e01cdc4aa9486296/bin/helpers/browser.sh'), ('HOME', '/home/tdeng23'), ('OLDPWD', '/home/Robosub/ros2_ws/src'), ('TERM_PROGRAM_VERSION', '1.94.1'), ('VSCODE_IPC_HOOK_CLI', '/tmp/vscode-ipc-b4e085cd-aeaa-4935-8c60-cd11fc9b6c0c.sock'), ('ROS_PYTHON_VERSION', '3'), ('VSCODE_GIT_ASKPASS_MAIN', '/vscode/vscode-server/bin/linux-x64/e10f2369d0d9614a452462f2e01cdc4aa9486296/extensions/git/dist/askpass-main.js'), ('VSCODE_GIT_ASKPASS_NODE', '/vscode/vscode-server/bin/linux-x64/e10f2369d0d9614a452462f2e01cdc4aa9486296/node'), ('COLORTERM', 'truecolor'), ('REMOTE_CONTAINERS', 'true'), ('WAYLAND_DISPLAY', 'vscode-wayland-bed24e28-66ae-433b-9b5b-ddc4d4fcdf30.sock'), ('COLCON_PREFIX_PATH', '/home/tdeng23/tb_ws/install'), ('ROS_DISTRO', 'humble'), ('REMOTE_CONTAINERS_IPC', '/tmp/vscode-remote-containers-ipc-52b71f90-5abb-4c34-ac1e-80c617778928.sock'), ('_', '/usr/bin/colcon'), ('ROS_VERSION', '2'), ('TERM', 'xterm-256color'), ('ROS_LOCALHOST_ONLY', '1'), ('PATH', '/opt/ros/humble/bin:/vscode/vscode-server/bin/linux-x64/e10f2369d0d9614a452462f2e01cdc4aa9486296/bin/remote-cli:/usr/local/sbin:/usr/local/bin:/usr/sbin:/usr/bin:/sbin:/bin'), ('XDG_RUNTIME_DIR', '/tmp/user/1000'), ('REMOTE_CONTAINERS_SOCKETS', '["/home/tdeng23/.gnupg/S.gpg-agent"]'), ('DISPLAY', ':0'), ('LANG', 'C.UTF-8'), ('VSCODE_GIT_IPC_HANDLE', '/tmp/user/1000/vscode-git-d1dc1252ee.sock'), ('TERM_PROGRAM', 'vscode'), ('ROS_DOMAIN_ID', '42'), ('AMENT_PREFIX_PATH', '/home/tdeng23/tb_ws/install/test_ros_gz_bridge:/home/tdeng23/tb_ws/install/ros_ign_interfaces:/home/tdeng23/tb_ws/install/ros_ign:/home/tdeng23/tb_ws/install/ros_ign_image:/home/tdeng23/tb_ws/install/ros_ign_gazebo_demos:/home/tdeng23/tb_ws/install/ros_ign_gazebo:/home/tdeng23/tb_ws/install/ros_ign_bridge:/home/tdeng23/tb_ws/install/ros_gz:/home/tdeng23/tb_ws/install/ros_gz_sim_demos:/home/tdeng23/tb_ws/install/asl_tb3_sim:/home/tdeng23/tb_ws/install/ros_gz_sim:/home/tdeng23/tb_ws/install/ros_gz_image:/home/tdeng23/tb_ws/install/ros_gz_bridge:/home/tdeng23/tb_ws/install/ros_gz_interfaces:/home/tdeng23/tb_ws/install/asl_tb3_examples:/home/tdeng23/tb_ws/install/asl_tb3_lib:/home/tdeng23/tb_ws/install/asl_tb3_msgs:/home/tdeng23/tb_ws/install/asl_tb3_driver:/opt/ros/humble'), ('SHELL', '/bin/bash'), ('IGN_GAZEBO_RESOURCE_PATH', '/home/tdeng23/tb_ws/install/ros_gz_sim_demos/share'), ('VSCODE_GIT_ASKPASS_EXTRA_ARGS', ''), ('PWD', '/home/Robosub/ros2_ws/build/TestPerception'), ('LC_ALL', 'C.UTF-8'), ('PYTHONPATH', '/home/tdeng23/tb_ws/install/ros_ign_interfaces/local/lib/python3.10/dist-packages:/home/tdeng23/tb_ws/install/ros_gz_interfaces/local/lib/python3.10/dist-packages:/home/tdeng23/tb_ws/install/asl_tb3_examples/local/lib/python3.10/dist-packages:/home/tdeng23/tb_ws/install/asl_tb3_lib/local/lib/python3.10/dist-packages:/home/tdeng23/tb_ws/install/asl_tb3_msgs/local/lib/python3.10/dist-packages:/opt/ros/humble/lib/python3.10/site-packages:/opt/ros/humble/local/lib/python3.10/dist-packages'), ('COLCON', '1'), ('CMAKE_PREFIX_PATH', '/home/tdeng23/tb_ws/install/test_ros_gz_bridge:/home/tdeng23/tb_ws/install/ros_ign_interfaces:/home/tdeng23/tb_ws/install/ros_ign:/home/tdeng23/tb_ws/install/ros_ign_image:/home/tdeng23/tb_ws/install/ros_ign_gazebo_demos:/home/tdeng23/tb_ws/install/ros_ign_gazebo:/home/tdeng23/tb_ws/install/ros_ign_bridge:/home/tdeng23/tb_ws/install/ros_gz:/home/tdeng23/tb_ws/install/ros_gz_sim_demos:/home/tdeng23/tb_ws/install/asl_tb3_sim:/home/tdeng23/tb_ws/install/ros_gz_sim:/home/tdeng23/tb_ws/install/ros_gz_image:/home/tdeng23/tb_ws/install/ros_gz_bridge:/home/tdeng23/tb_ws/install/ros_gz_interfaces:/home/tdeng23/tb_ws/install/asl_tb3_examples:/home/tdeng23/tb_ws/install/asl_tb3_lib:/home/tdeng23/tb_ws/install/asl_tb3_msgs:/home/tdeng23/tb_ws/install/asl_tb3_driver:/opt/ros/humble')]), 'shell': False}
[1.802108] (TestPerception) CommandEnded: {'returncode': 0}
[1.804391] (-) TimerEvent: {}
[1.847701] (TestPerception) JobProgress: {'identifier': 'TestPerception', 'progress': 'install'}
[1.862453] (TestPerception) Command: {'cmd': ['/usr/bin/cmake', '--install', '/home/Robosub/ros2_ws/build/TestPerception'], 'cwd': '/home/Robosub/ros2_ws/build/TestPerception', 'env': OrderedDict([('GZ_SIM_RESOURCE_PATH', '/home/tdeng23/tb_ws/install/asl_tb3_sim/share'), ('HOSTNAME', 'Thomas-II'), ('GIT_ASKPASS', '/vscode/vscode-server/bin/linux-x64/e10f2369d0d9614a452462f2e01cdc4aa9486296/extensions/git/dist/askpass.sh'), ('SHLVL', '2'), ('LD_LIBRARY_PATH', '/home/tdeng23/tb_ws/install/ros_ign_interfaces/lib:/home/tdeng23/tb_ws/install/ros_gz_sim/lib:/home/tdeng23/tb_ws/install/ros_gz_bridge/lib:/home/tdeng23/tb_ws/install/ros_gz_interfaces/lib:/home/tdeng23/tb_ws/install/asl_tb3_msgs/lib:/opt/ros/humble/opt/rviz_ogre_vendor/lib:/opt/ros/humble/lib/x86_64-linux-gnu:/opt/ros/humble/lib'), ('BROWSER', '/vscode/vscode-server/bin/linux-x64/e10f2369d0d9614a452462f2e01cdc4aa9486296/bin/helpers/browser.sh'), ('HOME', '/home/tdeng23'), ('OLDPWD', '/home/Robosub/ros2_ws/src'), ('TERM_PROGRAM_VERSION', '1.94.1'), ('VSCODE_IPC_HOOK_CLI', '/tmp/vscode-ipc-b4e085cd-aeaa-4935-8c60-cd11fc9b6c0c.sock'), ('ROS_PYTHON_VERSION', '3'), ('VSCODE_GIT_ASKPASS_MAIN', '/vscode/vscode-server/bin/linux-x64/e10f2369d0d9614a452462f2e01cdc4aa9486296/extensions/git/dist/askpass-main.js'), ('VSCODE_GIT_ASKPASS_NODE', '/vscode/vscode-server/bin/linux-x64/e10f2369d0d9614a452462f2e01cdc4aa9486296/node'), ('COLORTERM', 'truecolor'), ('REMOTE_CONTAINERS', 'true'), ('WAYLAND_DISPLAY', 'vscode-wayland-bed24e28-66ae-433b-9b5b-ddc4d4fcdf30.sock'), ('COLCON_PREFIX_PATH', '/home/tdeng23/tb_ws/install'), ('ROS_DISTRO', 'humble'), ('REMOTE_CONTAINERS_IPC', '/tmp/vscode-remote-containers-ipc-52b71f90-5abb-4c34-ac1e-80c617778928.sock'), ('_', '/usr/bin/colcon'), ('ROS_VERSION', '2'), ('TERM', 'xterm-256color'), ('ROS_LOCALHOST_ONLY', '1'), ('PATH', '/opt/ros/humble/bin:/vscode/vscode-server/bin/linux-x64/e10f2369d0d9614a452462f2e01cdc4aa9486296/bin/remote-cli:/usr/local/sbin:/usr/local/bin:/usr/sbin:/usr/bin:/sbin:/bin'), ('XDG_RUNTIME_DIR', '/tmp/user/1000'), ('REMOTE_CONTAINERS_SOCKETS', '["/home/tdeng23/.gnupg/S.gpg-agent"]'), ('DISPLAY', ':0'), ('LANG', 'C.UTF-8'), ('VSCODE_GIT_IPC_HANDLE', '/tmp/user/1000/vscode-git-d1dc1252ee.sock'), ('TERM_PROGRAM', 'vscode'), ('ROS_DOMAIN_ID', '42'), ('AMENT_PREFIX_PATH', '/home/tdeng23/tb_ws/install/test_ros_gz_bridge:/home/tdeng23/tb_ws/install/ros_ign_interfaces:/home/tdeng23/tb_ws/install/ros_ign:/home/tdeng23/tb_ws/install/ros_ign_image:/home/tdeng23/tb_ws/install/ros_ign_gazebo_demos:/home/tdeng23/tb_ws/install/ros_ign_gazebo:/home/tdeng23/tb_ws/install/ros_ign_bridge:/home/tdeng23/tb_ws/install/ros_gz:/home/tdeng23/tb_ws/install/ros_gz_sim_demos:/home/tdeng23/tb_ws/install/asl_tb3_sim:/home/tdeng23/tb_ws/install/ros_gz_sim:/home/tdeng23/tb_ws/install/ros_gz_image:/home/tdeng23/tb_ws/install/ros_gz_bridge:/home/tdeng23/tb_ws/install/ros_gz_interfaces:/home/tdeng23/tb_ws/install/asl_tb3_examples:/home/tdeng23/tb_ws/install/asl_tb3_lib:/home/tdeng23/tb_ws/install/asl_tb3_msgs:/home/tdeng23/tb_ws/install/asl_tb3_driver:/opt/ros/humble'), ('SHELL', '/bin/bash'), ('IGN_GAZEBO_RESOURCE_PATH', '/home/tdeng23/tb_ws/install/ros_gz_sim_demos/share'), ('VSCODE_GIT_ASKPASS_EXTRA_ARGS', ''), ('PWD', '/home/Robosub/ros2_ws/build/TestPerception'), ('LC_ALL', 'C.UTF-8'), ('PYTHONPATH', '/home/tdeng23/tb_ws/install/ros_ign_interfaces/local/lib/python3.10/dist-packages:/home/tdeng23/tb_ws/install/ros_gz_interfaces/local/lib/python3.10/dist-packages:/home/tdeng23/tb_ws/install/asl_tb3_examples/local/lib/python3.10/dist-packages:/home/tdeng23/tb_ws/install/asl_tb3_lib/local/lib/python3.10/dist-packages:/home/tdeng23/tb_ws/install/asl_tb3_msgs/local/lib/python3.10/dist-packages:/opt/ros/humble/lib/python3.10/site-packages:/opt/ros/humble/local/lib/python3.10/dist-packages'), ('COLCON', '1'), ('CMAKE_PREFIX_PATH', '/home/tdeng23/tb_ws/install/test_ros_gz_bridge:/home/tdeng23/tb_ws/install/ros_ign_interfaces:/home/tdeng23/tb_ws/install/ros_ign:/home/tdeng23/tb_ws/install/ros_ign_image:/home/tdeng23/tb_ws/install/ros_ign_gazebo_demos:/home/tdeng23/tb_ws/install/ros_ign_gazebo:/home/tdeng23/tb_ws/install/ros_ign_bridge:/home/tdeng23/tb_ws/install/ros_gz:/home/tdeng23/tb_ws/install/ros_gz_sim_demos:/home/tdeng23/tb_ws/install/asl_tb3_sim:/home/tdeng23/tb_ws/install/ros_gz_sim:/home/tdeng23/tb_ws/install/ros_gz_image:/home/tdeng23/tb_ws/install/ros_gz_bridge:/home/tdeng23/tb_ws/install/ros_gz_interfaces:/home/tdeng23/tb_ws/install/asl_tb3_examples:/home/tdeng23/tb_ws/install/asl_tb3_lib:/home/tdeng23/tb_ws/install/asl_tb3_msgs:/home/tdeng23/tb_ws/install/asl_tb3_driver:/opt/ros/humble')]), 'shell': False}
[1.873386] (TestPerception) StdoutLine: {'line': b'-- Install configuration: ""\n'}
[1.874443] (TestPerception) StdoutLine: {'line': b'-- Installing: /home/Robosub/ros2_ws/install/TestPerception/share/ament_index/resource_index/package_run_dependencies/TestPerception\n'}
[1.875025] (TestPerception) StdoutLine: {'line': b'-- Installing: /home/Robosub/ros2_ws/install/TestPerception/share/ament_index/resource_index/parent_prefix_path/TestPerception\n'}
[1.875728] (TestPerception) StdoutLine: {'line': b'-- Installing: /home/Robosub/ros2_ws/install/TestPerception/share/TestPerception/environment/ament_prefix_path.sh\n'}
[1.876543] (TestPerception) StdoutLine: {'line': b'-- Installing: /home/Robosub/ros2_ws/install/TestPerception/share/TestPerception/environment/ament_prefix_path.dsv\n'}
[1.877213] (TestPerception) StdoutLine: {'line': b'-- Installing: /home/Robosub/ros2_ws/install/TestPerception/share/TestPerception/environment/path.sh\n'}
[1.877451] (TestPerception) StdoutLine: {'line': b'-- Installing: /home/Robosub/ros2_ws/install/TestPerception/share/TestPerception/environment/path.dsv\n'}
[1.878177] (TestPerception) StdoutLine: {'line': b'-- Installing: /home/Robosub/ros2_ws/install/TestPerception/share/TestPerception/local_setup.bash\n'}
[1.878868] (TestPerception) StdoutLine: {'line': b'-- Installing: /home/Robosub/ros2_ws/install/TestPerception/share/TestPerception/local_setup.sh\n'}
[1.879145] (TestPerception) StdoutLine: {'line': b'-- Installing: /home/Robosub/ros2_ws/install/TestPerception/share/TestPerception/local_setup.zsh\n'}
[1.879366] (TestPerception) StdoutLine: {'line': b'-- Installing: /home/Robosub/ros2_ws/install/TestPerception/share/TestPerception/local_setup.dsv\n'}
[1.879544] (TestPerception) StdoutLine: {'line': b'-- Installing: /home/Robosub/ros2_ws/install/TestPerception/share/TestPerception/package.dsv\n'}
[1.879737] (TestPerception) StdoutLine: {'line': b'-- Installing: /home/Robosub/ros2_ws/install/TestPerception/share/ament_index/resource_index/packages/TestPerception\n'}
[1.880333] (TestPerception) StdoutLine: {'line': b'-- Installing: /home/Robosub/ros2_ws/install/TestPerception/share/TestPerception/cmake/TestPerceptionConfig.cmake\n'}
[1.880630] (TestPerception) StdoutLine: {'line': b'-- Installing: /home/Robosub/ros2_ws/install/TestPerception/share/TestPerception/cmake/TestPerceptionConfig-version.cmake\n'}
[1.881061] (TestPerception) StdoutLine: {'line': b'-- Installing: /home/Robosub/ros2_ws/install/TestPerception/share/TestPerception/package.xml\n'}
[1.883385] (TestPerception) CommandEnded: {'returncode': 0}
[1.904803] (-) TimerEvent: {}
[1.986458] (TestPerception) JobEnded: {'identifier': 'TestPerception', 'rc': 0}
[1.988023] (-) EventReactorShutdown: {}
