[0.170s] DEBUG:colcon:Command line arguments: ['/usr/bin/colcon', 'build']
[0.170s] DEBUG:colcon:Parsed command line arguments: Namespace(log_base=None, log_level=None, verb_name='build', build_base='build', install_base='install', merge_install=False, symlink_install=False, test_result_base=None, continue_on_error=False, executor='parallel', parallel_workers=20, event_handlers=None, ignore_user_meta=False, metas=['./colcon.meta'], base_paths=['.'], packages_ignore=None, packages_ignore_regex=None, paths=None, packages_up_to=None, packages_up_to_regex=None, packages_above=None, packages_above_and_dependencies=None, packages_above_depth=None, packages_select_by_dep=None, packages_skip_by_dep=None, packages_skip_up_to=None, packages_select_build_failed=False, packages_skip_build_finished=False, packages_select_test_failures=False, packages_skip_test_passed=False, packages_select=None, packages_skip=None, packages_select_regex=None, packages_skip_regex=None, packages_start=None, packages_end=None, cmake_args=None, cmake_target=None, cmake_target_skip_unavailable=False, cmake_clean_cache=False, cmake_clean_first=False, cmake_force_configure=False, ament_cmake_args=None, catkin_cmake_args=None, catkin_skip_building_tests=False, mixin_files=None, mixin=None, verb_parser=<colcon_mixin.mixin.mixin_argument.MixinArgumentDecorator object at 0x7f596eb4bf40>, verb_extension=<colcon_core.verb.build.BuildVerb object at 0x7f596eb4b940>, main=<bound method BuildVerb.main of <colcon_core.verb.build.BuildVerb object at 0x7f596eb4b940>>, mixin_verb=('build',))
[0.385s] Level 1:colcon.colcon_core.package_discovery:discover_packages(colcon_meta) check parameters
[0.386s] Level 1:colcon.colcon_core.package_discovery:discover_packages(recursive) check parameters
[0.386s] Level 1:colcon.colcon_core.package_discovery:discover_packages(ignore) check parameters
[0.386s] Level 1:colcon.colcon_core.package_discovery:discover_packages(path) check parameters
[0.386s] Level 1:colcon.colcon_core.package_discovery:discover_packages(colcon_meta) discover
[0.386s] Level 1:colcon.colcon_core.package_discovery:discover_packages(recursive) discover
[0.386s] INFO:colcon.colcon_core.package_discovery:Crawling recursively for packages in '/home/Robosub/ros2_ws'
[0.386s] Level 1:colcon.colcon_core.package_identification:_identify(.) by extensions ['ignore', 'ignore_ament_install']
[0.386s] Level 1:colcon.colcon_core.package_identification:_identify(.) by extension 'ignore'
[0.386s] Level 1:colcon.colcon_core.package_identification:_identify(.) by extension 'ignore_ament_install'
[0.386s] Level 1:colcon.colcon_core.package_identification:_identify(.) by extensions ['colcon_pkg']
[0.387s] Level 1:colcon.colcon_core.package_identification:_identify(.) by extension 'colcon_pkg'
[0.387s] Level 1:colcon.colcon_core.package_identification:_identify(.) by extensions ['colcon_meta']
[0.387s] Level 1:colcon.colcon_core.package_identification:_identify(.) by extension 'colcon_meta'
[0.387s] Level 1:colcon.colcon_core.package_identification:_identify(.) by extensions ['ros']
[0.387s] Level 1:colcon.colcon_core.package_identification:_identify(.) by extension 'ros'
[0.402s] Level 1:colcon.colcon_core.package_identification:_identify(.) by extensions ['cmake', 'python']
[0.403s] Level 1:colcon.colcon_core.package_identification:_identify(.) by extension 'cmake'
[0.403s] Level 1:colcon.colcon_core.package_identification:_identify(.) by extension 'python'
[0.403s] Level 1:colcon.colcon_core.package_identification:_identify(.) by extensions ['python_setup_py']
[0.403s] Level 1:colcon.colcon_core.package_identification:_identify(.) by extension 'python_setup_py'
[0.403s] Level 1:colcon.colcon_core.package_identification:_identify(build) by extensions ['ignore', 'ignore_ament_install']
[0.403s] Level 1:colcon.colcon_core.package_identification:_identify(build) by extension 'ignore'
[0.403s] Level 1:colcon.colcon_core.package_identification:_identify(build) ignored
[0.403s] Level 1:colcon.colcon_core.package_identification:_identify(install) by extensions ['ignore', 'ignore_ament_install']
[0.404s] Level 1:colcon.colcon_core.package_identification:_identify(install) by extension 'ignore'
[0.404s] Level 1:colcon.colcon_core.package_identification:_identify(install) ignored
[0.404s] Level 1:colcon.colcon_core.package_identification:_identify(log) by extensions ['ignore', 'ignore_ament_install']
[0.404s] Level 1:colcon.colcon_core.package_identification:_identify(log) by extension 'ignore'
[0.404s] Level 1:colcon.colcon_core.package_identification:_identify(log) ignored
[0.404s] Level 1:colcon.colcon_core.package_identification:_identify(src) by extensions ['ignore', 'ignore_ament_install']
[0.404s] Level 1:colcon.colcon_core.package_identification:_identify(src) by extension 'ignore'
[0.404s] Level 1:colcon.colcon_core.package_identification:_identify(src) by extension 'ignore_ament_install'
[0.405s] Level 1:colcon.colcon_core.package_identification:_identify(src) by extensions ['colcon_pkg']
[0.405s] Level 1:colcon.colcon_core.package_identification:_identify(src) by extension 'colcon_pkg'
[0.405s] Level 1:colcon.colcon_core.package_identification:_identify(src) by extensions ['colcon_meta']
[0.405s] Level 1:colcon.colcon_core.package_identification:_identify(src) by extension 'colcon_meta'
[0.405s] Level 1:colcon.colcon_core.package_identification:_identify(src) by extensions ['ros']
[0.405s] Level 1:colcon.colcon_core.package_identification:_identify(src) by extension 'ros'
[0.405s] Level 1:colcon.colcon_core.package_identification:_identify(src) by extensions ['cmake', 'python']
[0.405s] Level 1:colcon.colcon_core.package_identification:_identify(src) by extension 'cmake'
[0.405s] Level 1:colcon.colcon_core.package_identification:_identify(src) by extension 'python'
[0.405s] Level 1:colcon.colcon_core.package_identification:_identify(src) by extensions ['python_setup_py']
[0.405s] Level 1:colcon.colcon_core.package_identification:_identify(src) by extension 'python_setup_py'
[0.405s] Level 1:colcon.colcon_core.package_identification:_identify(src/RoboSubTests) by extensions ['ignore', 'ignore_ament_install']
[0.405s] Level 1:colcon.colcon_core.package_identification:_identify(src/RoboSubTests) by extension 'ignore'
[0.405s] Level 1:colcon.colcon_core.package_identification:_identify(src/RoboSubTests) by extension 'ignore_ament_install'
[0.406s] Level 1:colcon.colcon_core.package_identification:_identify(src/RoboSubTests) by extensions ['colcon_pkg']
[0.406s] Level 1:colcon.colcon_core.package_identification:_identify(src/RoboSubTests) by extension 'colcon_pkg'
[0.406s] Level 1:colcon.colcon_core.package_identification:_identify(src/RoboSubTests) by extensions ['colcon_meta']
[0.406s] Level 1:colcon.colcon_core.package_identification:_identify(src/RoboSubTests) by extension 'colcon_meta'
[0.406s] Level 1:colcon.colcon_core.package_identification:_identify(src/RoboSubTests) by extensions ['ros']
[0.406s] Level 1:colcon.colcon_core.package_identification:_identify(src/RoboSubTests) by extension 'ros'
[0.406s] Level 1:colcon.colcon_core.package_identification:_identify(src/RoboSubTests) by extensions ['cmake', 'python']
[0.406s] Level 1:colcon.colcon_core.package_identification:_identify(src/RoboSubTests) by extension 'cmake'
[0.406s] Level 1:colcon.colcon_core.package_identification:_identify(src/RoboSubTests) by extension 'python'
[0.406s] Level 1:colcon.colcon_core.package_identification:_identify(src/RoboSubTests) by extensions ['python_setup_py']
[0.406s] Level 1:colcon.colcon_core.package_identification:_identify(src/RoboSubTests) by extension 'python_setup_py'
[0.406s] Level 1:colcon.colcon_core.package_identification:_identify(src/TestPerception) by extensions ['ignore', 'ignore_ament_install']
[0.406s] Level 1:colcon.colcon_core.package_identification:_identify(src/TestPerception) by extension 'ignore'
[0.406s] Level 1:colcon.colcon_core.package_identification:_identify(src/TestPerception) by extension 'ignore_ament_install'
[0.406s] Level 1:colcon.colcon_core.package_identification:_identify(src/TestPerception) by extensions ['colcon_pkg']
[0.406s] Level 1:colcon.colcon_core.package_identification:_identify(src/TestPerception) by extension 'colcon_pkg'
[0.406s] Level 1:colcon.colcon_core.package_identification:_identify(src/TestPerception) by extensions ['colcon_meta']
[0.406s] Level 1:colcon.colcon_core.package_identification:_identify(src/TestPerception) by extension 'colcon_meta'
[0.406s] Level 1:colcon.colcon_core.package_identification:_identify(src/TestPerception) by extensions ['ros']
[0.407s] Level 1:colcon.colcon_core.package_identification:_identify(src/TestPerception) by extension 'ros'
[0.410s] DEBUG:colcon.colcon_core.package_identification:Package 'src/TestPerception' with type 'ros.ament_cmake' and name 'TestPerception'
[0.410s] Level 1:colcon.colcon_core.package_identification:_identify(test_perception) by extensions ['ignore', 'ignore_ament_install']
[0.410s] Level 1:colcon.colcon_core.package_identification:_identify(test_perception) by extension 'ignore'
[0.410s] Level 1:colcon.colcon_core.package_identification:_identify(test_perception) by extension 'ignore_ament_install'
[0.411s] Level 1:colcon.colcon_core.package_identification:_identify(test_perception) by extensions ['colcon_pkg']
[0.411s] Level 1:colcon.colcon_core.package_identification:_identify(test_perception) by extension 'colcon_pkg'
[0.411s] Level 1:colcon.colcon_core.package_identification:_identify(test_perception) by extensions ['colcon_meta']
[0.411s] Level 1:colcon.colcon_core.package_identification:_identify(test_perception) by extension 'colcon_meta'
[0.411s] Level 1:colcon.colcon_core.package_identification:_identify(test_perception) by extensions ['ros']
[0.411s] Level 1:colcon.colcon_core.package_identification:_identify(test_perception) by extension 'ros'
[0.412s] DEBUG:colcon.colcon_core.package_identification:Package 'test_perception' with type 'ros.ament_cmake' and name 'test_perception'
[0.412s] Level 1:colcon.colcon_core.package_discovery:discover_packages(recursive) using defaults
[0.412s] Level 1:colcon.colcon_core.package_discovery:discover_packages(ignore) discover
[0.412s] Level 1:colcon.colcon_core.package_discovery:discover_packages(ignore) using defaults
[0.412s] Level 1:colcon.colcon_core.package_discovery:discover_packages(path) discover
[0.412s] Level 1:colcon.colcon_core.package_discovery:discover_packages(path) using defaults
[0.466s] Level 5:colcon.colcon_core.verb:set package 'TestPerception' build argument 'cmake_args' from command line to 'None'
[0.466s] Level 5:colcon.colcon_core.verb:set package 'TestPerception' build argument 'cmake_target' from command line to 'None'
[0.467s] Level 5:colcon.colcon_core.verb:set package 'TestPerception' build argument 'cmake_target_skip_unavailable' from command line to 'False'
[0.467s] Level 5:colcon.colcon_core.verb:set package 'TestPerception' build argument 'cmake_clean_cache' from command line to 'False'
[0.467s] Level 5:colcon.colcon_core.verb:set package 'TestPerception' build argument 'cmake_clean_first' from command line to 'False'
[0.467s] Level 5:colcon.colcon_core.verb:set package 'TestPerception' build argument 'cmake_force_configure' from command line to 'False'
[0.467s] Level 5:colcon.colcon_core.verb:set package 'TestPerception' build argument 'ament_cmake_args' from command line to 'None'
[0.467s] Level 5:colcon.colcon_core.verb:set package 'TestPerception' build argument 'catkin_cmake_args' from command line to 'None'
[0.467s] Level 5:colcon.colcon_core.verb:set package 'TestPerception' build argument 'catkin_skip_building_tests' from command line to 'False'
[0.467s] DEBUG:colcon.colcon_core.verb:Building package 'TestPerception' with the following arguments: {'ament_cmake_args': None, 'build_base': '/home/Robosub/ros2_ws/build/TestPerception', 'catkin_cmake_args': None, 'catkin_skip_building_tests': False, 'cmake_args': None, 'cmake_clean_cache': False, 'cmake_clean_first': False, 'cmake_force_configure': False, 'cmake_target': None, 'cmake_target_skip_unavailable': False, 'install_base': '/home/Robosub/ros2_ws/install/TestPerception', 'merge_install': False, 'path': '/home/Robosub/ros2_ws/src/TestPerception', 'symlink_install': False, 'test_result_base': None}
[0.467s] Level 5:colcon.colcon_core.verb:set package 'test_perception' build argument 'cmake_args' from command line to 'None'
[0.467s] Level 5:colcon.colcon_core.verb:set package 'test_perception' build argument 'cmake_target' from command line to 'None'
[0.468s] Level 5:colcon.colcon_core.verb:set package 'test_perception' build argument 'cmake_target_skip_unavailable' from command line to 'False'
[0.468s] Level 5:colcon.colcon_core.verb:set package 'test_perception' build argument 'cmake_clean_cache' from command line to 'False'
[0.468s] Level 5:colcon.colcon_core.verb:set package 'test_perception' build argument 'cmake_clean_first' from command line to 'False'
[0.468s] Level 5:colcon.colcon_core.verb:set package 'test_perception' build argument 'cmake_force_configure' from command line to 'False'
[0.468s] Level 5:colcon.colcon_core.verb:set package 'test_perception' build argument 'ament_cmake_args' from command line to 'None'
[0.468s] Level 5:colcon.colcon_core.verb:set package 'test_perception' build argument 'catkin_cmake_args' from command line to 'None'
[0.468s] Level 5:colcon.colcon_core.verb:set package 'test_perception' build argument 'catkin_skip_building_tests' from command line to 'False'
[0.468s] DEBUG:colcon.colcon_core.verb:Building package 'test_perception' with the following arguments: {'ament_cmake_args': None, 'build_base': '/home/Robosub/ros2_ws/build/test_perception', 'catkin_cmake_args': None, 'catkin_skip_building_tests': False, 'cmake_args': None, 'cmake_clean_cache': False, 'cmake_clean_first': False, 'cmake_force_configure': False, 'cmake_target': None, 'cmake_target_skip_unavailable': False, 'install_base': '/home/Robosub/ros2_ws/install/test_perception', 'merge_install': False, 'path': '/home/Robosub/ros2_ws/test_perception', 'symlink_install': False, 'test_result_base': None}
[0.468s] INFO:colcon.colcon_core.executor:Executing jobs using 'parallel' executor
[0.470s] DEBUG:colcon.colcon_parallel_executor.executor.parallel:run_until_complete
[0.471s] INFO:colcon.colcon_ros.task.ament_cmake.build:Building ROS package in '/home/Robosub/ros2_ws/src/TestPerception' with build type 'ament_cmake'
[0.471s] INFO:colcon.colcon_cmake.task.cmake.build:Building CMake package in '/home/Robosub/ros2_ws/src/TestPerception'
[0.475s] INFO:colcon.colcon_core.plugin_system:Skipping extension 'colcon_core.shell.bat': Not used on non-Windows systems
[0.475s] INFO:colcon.colcon_core.shell:Skip shell extension 'powershell' for command environment: Not usable outside of PowerShell
[0.475s] DEBUG:colcon.colcon_core.shell:Skip shell extension 'dsv' for command environment
[0.488s] INFO:colcon.colcon_ros.task.ament_cmake.build:Building ROS package in '/home/Robosub/ros2_ws/test_perception' with build type 'ament_cmake'
[0.490s] INFO:colcon.colcon_cmake.task.cmake.build:Building CMake package in '/home/Robosub/ros2_ws/test_perception'
[0.492s] INFO:colcon.colcon_core.shell:Skip shell extension 'powershell' for command environment: Not usable outside of PowerShell
[0.493s] DEBUG:colcon.colcon_core.shell:Skip shell extension 'dsv' for command environment
[0.521s] DEBUG:colcon.colcon_core.event_handler.log_command:Invoking command in '/home/Robosub/ros2_ws/build/TestPerception': CMAKE_PREFIX_PATH=${CMAKE_PREFIX_PATH}:/opt/ros/humble /usr/bin/cmake --build /home/Robosub/ros2_ws/build/TestPerception -- -j20 -l20
[0.548s] DEBUG:colcon.colcon_core.event_handler.log_command:Invoking command in '/home/Robosub/ros2_ws/build/test_perception': CMAKE_PREFIX_PATH=${CMAKE_PREFIX_PATH}:/opt/ros/humble /usr/bin/cmake /home/Robosub/ros2_ws/test_perception -DCMAKE_INSTALL_PREFIX=/home/Robosub/ros2_ws/install/test_perception
[0.617s] DEBUG:colcon.colcon_core.event_handler.log_command:Invoked command in '/home/Robosub/ros2_ws/build/TestPerception' returned '0': CMAKE_PREFIX_PATH=${CMAKE_PREFIX_PATH}:/opt/ros/humble /usr/bin/cmake --build /home/Robosub/ros2_ws/build/TestPerception -- -j20 -l20
[0.687s] DEBUG:colcon.colcon_core.event_handler.log_command:Invoking command in '/home/Robosub/ros2_ws/build/TestPerception': CMAKE_PREFIX_PATH=${CMAKE_PREFIX_PATH}:/opt/ros/humble /usr/bin/cmake --install /home/Robosub/ros2_ws/build/TestPerception
[0.705s] Level 1:colcon.colcon_core.environment:create_environment_scripts_only(TestPerception)
[0.706s] DEBUG:colcon.colcon_core.event_handler.log_command:Invoked command in '/home/Robosub/ros2_ws/build/TestPerception' returned '0': CMAKE_PREFIX_PATH=${CMAKE_PREFIX_PATH}:/opt/ros/humble /usr/bin/cmake --install /home/Robosub/ros2_ws/build/TestPerception
[0.709s] Level 1:colcon.colcon_core.environment:checking '/home/Robosub/ros2_ws/install/TestPerception' for CMake module files
[0.710s] Level 1:colcon.colcon_core.environment:checking '/home/Robosub/ros2_ws/install/TestPerception' for CMake config files
[0.710s] Level 1:colcon.colcon_core.shell:create_environment_hook('TestPerception', 'cmake_prefix_path')
[0.711s] INFO:colcon.colcon_core.shell:Creating environment hook '/home/Robosub/ros2_ws/install/TestPerception/share/TestPerception/hook/cmake_prefix_path.ps1'
[0.711s] INFO:colcon.colcon_core.shell:Creating environment descriptor '/home/Robosub/ros2_ws/install/TestPerception/share/TestPerception/hook/cmake_prefix_path.dsv'
[0.712s] INFO:colcon.colcon_core.shell:Creating environment hook '/home/Robosub/ros2_ws/install/TestPerception/share/TestPerception/hook/cmake_prefix_path.sh'
[0.714s] Level 1:colcon.colcon_core.environment:checking '/home/Robosub/ros2_ws/install/TestPerception/bin'
[0.714s] Level 1:colcon.colcon_core.environment:checking '/home/Robosub/ros2_ws/install/TestPerception/lib/pkgconfig/TestPerception.pc'
[0.718s] Level 1:colcon.colcon_core.environment:checking '/home/Robosub/ros2_ws/install/TestPerception/lib/python3.10/site-packages'
[0.719s] Level 1:colcon.colcon_core.environment:checking '/home/Robosub/ros2_ws/install/TestPerception/bin'
[0.719s] INFO:colcon.colcon_core.shell:Creating package script '/home/Robosub/ros2_ws/install/TestPerception/share/TestPerception/package.ps1'
[0.721s] INFO:colcon.colcon_core.shell:Creating package descriptor '/home/Robosub/ros2_ws/install/TestPerception/share/TestPerception/package.dsv'
[0.721s] INFO:colcon.colcon_core.shell:Creating package script '/home/Robosub/ros2_ws/install/TestPerception/share/TestPerception/package.sh'
[0.722s] INFO:colcon.colcon_core.shell:Creating package script '/home/Robosub/ros2_ws/install/TestPerception/share/TestPerception/package.bash'
[0.723s] INFO:colcon.colcon_core.shell:Creating package script '/home/Robosub/ros2_ws/install/TestPerception/share/TestPerception/package.zsh'
[0.725s] Level 1:colcon.colcon_core.environment:create_file_with_runtime_dependencies(/home/Robosub/ros2_ws/install/TestPerception/share/colcon-core/packages/TestPerception)
[0.763s] Level 1:colcon.colcon_core.environment:create_environment_scripts_only(TestPerception)
[0.764s] Level 1:colcon.colcon_core.environment:checking '/home/Robosub/ros2_ws/install/TestPerception' for CMake module files
[0.767s] Level 1:colcon.colcon_core.environment:checking '/home/Robosub/ros2_ws/install/TestPerception' for CMake config files
[0.767s] Level 1:colcon.colcon_core.shell:create_environment_hook('TestPerception', 'cmake_prefix_path')
[0.768s] INFO:colcon.colcon_core.shell:Creating environment hook '/home/Robosub/ros2_ws/install/TestPerception/share/TestPerception/hook/cmake_prefix_path.ps1'
[0.769s] INFO:colcon.colcon_core.shell:Creating environment descriptor '/home/Robosub/ros2_ws/install/TestPerception/share/TestPerception/hook/cmake_prefix_path.dsv'
[0.769s] INFO:colcon.colcon_core.shell:Creating environment hook '/home/Robosub/ros2_ws/install/TestPerception/share/TestPerception/hook/cmake_prefix_path.sh'
[0.770s] Level 1:colcon.colcon_core.environment:checking '/home/Robosub/ros2_ws/install/TestPerception/bin'
[0.771s] Level 1:colcon.colcon_core.environment:checking '/home/Robosub/ros2_ws/install/TestPerception/lib/pkgconfig/TestPerception.pc'
[0.771s] Level 1:colcon.colcon_core.environment:checking '/home/Robosub/ros2_ws/install/TestPerception/lib/python3.10/site-packages'
[0.771s] Level 1:colcon.colcon_core.environment:checking '/home/Robosub/ros2_ws/install/TestPerception/bin'
[0.772s] INFO:colcon.colcon_core.shell:Creating package script '/home/Robosub/ros2_ws/install/TestPerception/share/TestPerception/package.ps1'
[0.773s] INFO:colcon.colcon_core.shell:Creating package descriptor '/home/Robosub/ros2_ws/install/TestPerception/share/TestPerception/package.dsv'
[0.774s] INFO:colcon.colcon_core.shell:Creating package script '/home/Robosub/ros2_ws/install/TestPerception/share/TestPerception/package.sh'
[0.775s] INFO:colcon.colcon_core.shell:Creating package script '/home/Robosub/ros2_ws/install/TestPerception/share/TestPerception/package.bash'
[0.776s] INFO:colcon.colcon_core.shell:Creating package script '/home/Robosub/ros2_ws/install/TestPerception/share/TestPerception/package.zsh'
[0.778s] Level 1:colcon.colcon_core.environment:create_file_with_runtime_dependencies(/home/Robosub/ros2_ws/install/TestPerception/share/colcon-core/packages/TestPerception)
[1.871s] DEBUG:colcon.colcon_core.event_handler.log_command:Invoked command in '/home/Robosub/ros2_ws/build/test_perception' returned '0': CMAKE_PREFIX_PATH=${CMAKE_PREFIX_PATH}:/opt/ros/humble /usr/bin/cmake /home/Robosub/ros2_ws/test_perception -DCMAKE_INSTALL_PREFIX=/home/Robosub/ros2_ws/install/test_perception
[1.872s] DEBUG:colcon.colcon_core.event_handler.log_command:Invoking command in '/home/Robosub/ros2_ws/build/test_perception': CMAKE_PREFIX_PATH=${CMAKE_PREFIX_PATH}:/opt/ros/humble /usr/bin/cmake --build /home/Robosub/ros2_ws/build/test_perception -- -j20 -l20
[1.947s] DEBUG:colcon.colcon_core.event_handler.log_command:Invoked command in '/home/Robosub/ros2_ws/build/test_perception' returned '0': CMAKE_PREFIX_PATH=${CMAKE_PREFIX_PATH}:/opt/ros/humble /usr/bin/cmake --build /home/Robosub/ros2_ws/build/test_perception -- -j20 -l20
[1.987s] DEBUG:colcon.colcon_core.event_handler.log_command:Invoking command in '/home/Robosub/ros2_ws/build/test_perception': CMAKE_PREFIX_PATH=${CMAKE_PREFIX_PATH}:/opt/ros/humble /usr/bin/cmake --install /home/Robosub/ros2_ws/build/test_perception
[2.012s] Level 1:colcon.colcon_core.environment:create_environment_scripts_only(test_perception)
[2.013s] Level 1:colcon.colcon_core.environment:checking '/home/Robosub/ros2_ws/install/test_perception' for CMake module files
[2.014s] DEBUG:colcon.colcon_core.event_handler.log_command:Invoked command in '/home/Robosub/ros2_ws/build/test_perception' returned '0': CMAKE_PREFIX_PATH=${CMAKE_PREFIX_PATH}:/opt/ros/humble /usr/bin/cmake --install /home/Robosub/ros2_ws/build/test_perception
[2.015s] Level 1:colcon.colcon_core.environment:checking '/home/Robosub/ros2_ws/install/test_perception' for CMake config files
[2.016s] Level 1:colcon.colcon_core.shell:create_environment_hook('test_perception', 'cmake_prefix_path')
[2.016s] INFO:colcon.colcon_core.shell:Creating environment hook '/home/Robosub/ros2_ws/install/test_perception/share/test_perception/hook/cmake_prefix_path.ps1'
[2.018s] INFO:colcon.colcon_core.shell:Creating environment descriptor '/home/Robosub/ros2_ws/install/test_perception/share/test_perception/hook/cmake_prefix_path.dsv'
[2.018s] INFO:colcon.colcon_core.shell:Creating environment hook '/home/Robosub/ros2_ws/install/test_perception/share/test_perception/hook/cmake_prefix_path.sh'
[2.019s] Level 1:colcon.colcon_core.environment:checking '/home/Robosub/ros2_ws/install/test_perception/bin'
[2.019s] Level 1:colcon.colcon_core.environment:checking '/home/Robosub/ros2_ws/install/test_perception/lib/pkgconfig/test_perception.pc'
[2.020s] Level 1:colcon.colcon_core.environment:checking '/home/Robosub/ros2_ws/install/test_perception/lib/python3.10/site-packages'
[2.020s] Level 1:colcon.colcon_core.environment:checking '/home/Robosub/ros2_ws/install/test_perception/bin'
[2.021s] INFO:colcon.colcon_core.shell:Creating package script '/home/Robosub/ros2_ws/install/test_perception/share/test_perception/package.ps1'
[2.022s] INFO:colcon.colcon_core.shell:Creating package descriptor '/home/Robosub/ros2_ws/install/test_perception/share/test_perception/package.dsv'
[2.022s] INFO:colcon.colcon_core.shell:Creating package script '/home/Robosub/ros2_ws/install/test_perception/share/test_perception/package.sh'
[2.023s] INFO:colcon.colcon_core.shell:Creating package script '/home/Robosub/ros2_ws/install/test_perception/share/test_perception/package.bash'
[2.023s] INFO:colcon.colcon_core.shell:Creating package script '/home/Robosub/ros2_ws/install/test_perception/share/test_perception/package.zsh'
[2.024s] Level 1:colcon.colcon_core.environment:create_file_with_runtime_dependencies(/home/Robosub/ros2_ws/install/test_perception/share/colcon-core/packages/test_perception)
[2.066s] Level 1:colcon.colcon_core.environment:create_environment_scripts_only(test_perception)
[2.066s] Level 1:colcon.colcon_core.environment:checking '/home/Robosub/ros2_ws/install/test_perception' for CMake module files
[2.067s] Level 1:colcon.colcon_core.environment:checking '/home/Robosub/ros2_ws/install/test_perception' for CMake config files
[2.067s] Level 1:colcon.colcon_core.shell:create_environment_hook('test_perception', 'cmake_prefix_path')
[2.068s] INFO:colcon.colcon_core.shell:Creating environment hook '/home/Robosub/ros2_ws/install/test_perception/share/test_perception/hook/cmake_prefix_path.ps1'
[2.069s] INFO:colcon.colcon_core.shell:Creating environment descriptor '/home/Robosub/ros2_ws/install/test_perception/share/test_perception/hook/cmake_prefix_path.dsv'
[2.069s] INFO:colcon.colcon_core.shell:Creating environment hook '/home/Robosub/ros2_ws/install/test_perception/share/test_perception/hook/cmake_prefix_path.sh'
[2.070s] Level 1:colcon.colcon_core.environment:checking '/home/Robosub/ros2_ws/install/test_perception/bin'
[2.071s] Level 1:colcon.colcon_core.environment:checking '/home/Robosub/ros2_ws/install/test_perception/lib/pkgconfig/test_perception.pc'
[2.071s] Level 1:colcon.colcon_core.environment:checking '/home/Robosub/ros2_ws/install/test_perception/lib/python3.10/site-packages'
[2.071s] Level 1:colcon.colcon_core.environment:checking '/home/Robosub/ros2_ws/install/test_perception/bin'
[2.072s] INFO:colcon.colcon_core.shell:Creating package script '/home/Robosub/ros2_ws/install/test_perception/share/test_perception/package.ps1'
[2.073s] INFO:colcon.colcon_core.shell:Creating package descriptor '/home/Robosub/ros2_ws/install/test_perception/share/test_perception/package.dsv'
[2.074s] INFO:colcon.colcon_core.shell:Creating package script '/home/Robosub/ros2_ws/install/test_perception/share/test_perception/package.sh'
[2.075s] INFO:colcon.colcon_core.shell:Creating package script '/home/Robosub/ros2_ws/install/test_perception/share/test_perception/package.bash'
[2.076s] INFO:colcon.colcon_core.shell:Creating package script '/home/Robosub/ros2_ws/install/test_perception/share/test_perception/package.zsh'
[2.076s] Level 1:colcon.colcon_core.environment:create_file_with_runtime_dependencies(/home/Robosub/ros2_ws/install/test_perception/share/colcon-core/packages/test_perception)
[2.077s] DEBUG:colcon.colcon_parallel_executor.executor.parallel:closing loop
[2.077s] DEBUG:colcon.colcon_parallel_executor.executor.parallel:loop closed
[2.077s] DEBUG:colcon.colcon_parallel_executor.executor.parallel:run_until_complete finished with '0'
[2.078s] DEBUG:colcon.colcon_core.event_reactor:joining thread
[2.090s] INFO:colcon.colcon_core.plugin_system:Skipping extension 'colcon_notification.desktop_notification.notify_send': Could not find 'notify-send'
[2.090s] INFO:colcon.colcon_core.plugin_system:Skipping extension 'colcon_notification.desktop_notification.terminal_notifier': Not used on non-Darwin systems
[2.091s] INFO:colcon.colcon_core.plugin_system:Skipping extension 'colcon_notification.desktop_notification.win32': Not used on non-Windows systems
[2.091s] INFO:colcon.colcon_notification.desktop_notification:Sending desktop notification using 'notify2'
[2.095s] DEBUG:colcon.colcon_notification.desktop_notification.notify2:Failed to initialize notify2: org.freedesktop.DBus.Error.Spawn.ExecFailed: /usr/bin/dbus-launch terminated abnormally without any error message
[2.096s] DEBUG:colcon.colcon_core.event_reactor:joined thread
[2.097s] INFO:colcon.colcon_core.shell:Creating prefix script '/home/Robosub/ros2_ws/install/local_setup.ps1'
[2.099s] INFO:colcon.colcon_core.shell:Creating prefix util module '/home/Robosub/ros2_ws/install/_local_setup_util_ps1.py'
[2.102s] INFO:colcon.colcon_core.shell:Creating prefix chain script '/home/Robosub/ros2_ws/install/setup.ps1'
[2.105s] INFO:colcon.colcon_core.shell:Creating prefix script '/home/Robosub/ros2_ws/install/local_setup.sh'
[2.108s] INFO:colcon.colcon_core.shell:Creating prefix util module '/home/Robosub/ros2_ws/install/_local_setup_util_sh.py'
[2.108s] INFO:colcon.colcon_core.shell:Creating prefix chain script '/home/Robosub/ros2_ws/install/setup.sh'
[2.111s] INFO:colcon.colcon_core.shell:Creating prefix script '/home/Robosub/ros2_ws/install/local_setup.bash'
[2.111s] INFO:colcon.colcon_core.shell:Creating prefix chain script '/home/Robosub/ros2_ws/install/setup.bash'
[2.115s] INFO:colcon.colcon_core.shell:Creating prefix script '/home/Robosub/ros2_ws/install/local_setup.zsh'
[2.116s] INFO:colcon.colcon_core.shell:Creating prefix chain script '/home/Robosub/ros2_ws/install/setup.zsh'
