[0.168s] DEBUG:colcon:Command line arguments: ['/usr/bin/colcon', 'build']
[0.169s] DEBUG:colcon:Parsed command line arguments: Namespace(log_base=None, log_level=None, verb_name='build', build_base='build', install_base='install', merge_install=False, symlink_install=False, test_result_base=None, continue_on_error=False, executor='parallel', parallel_workers=20, event_handlers=None, ignore_user_meta=False, metas=['./colcon.meta'], base_paths=['.'], packages_ignore=None, packages_ignore_regex=None, paths=None, packages_up_to=None, packages_up_to_regex=None, packages_above=None, packages_above_and_dependencies=None, packages_above_depth=None, packages_select_by_dep=None, packages_skip_by_dep=None, packages_skip_up_to=None, packages_select_build_failed=False, packages_skip_build_finished=False, packages_select_test_failures=False, packages_skip_test_passed=False, packages_select=None, packages_skip=None, packages_select_regex=None, packages_skip_regex=None, packages_start=None, packages_end=None, cmake_args=None, cmake_target=None, cmake_target_skip_unavailable=False, cmake_clean_cache=False, cmake_clean_first=False, cmake_force_configure=False, ament_cmake_args=None, catkin_cmake_args=None, catkin_skip_building_tests=False, mixin_files=None, mixin=None, verb_parser=<colcon_mixin.mixin.mixin_argument.MixinArgumentDecorator object at 0x7f2e655a3f40>, verb_extension=<colcon_core.verb.build.BuildVerb object at 0x7f2e655a3940>, main=<bound method BuildVerb.main of <colcon_core.verb.build.BuildVerb object at 0x7f2e655a3940>>, mixin_verb=('build',))
[0.387s] Level 1:colcon.colcon_core.package_discovery:discover_packages(colcon_meta) check parameters
[0.388s] Level 1:colcon.colcon_core.package_discovery:discover_packages(recursive) check parameters
[0.388s] Level 1:colcon.colcon_core.package_discovery:discover_packages(ignore) check parameters
[0.388s] Level 1:colcon.colcon_core.package_discovery:discover_packages(path) check parameters
[0.388s] Level 1:colcon.colcon_core.package_discovery:discover_packages(colcon_meta) discover
[0.388s] Level 1:colcon.colcon_core.package_discovery:discover_packages(recursive) discover
[0.388s] INFO:colcon.colcon_core.package_discovery:Crawling recursively for packages in '/home/Robosub/ros2_ws'
[0.388s] Level 1:colcon.colcon_core.package_identification:_identify(.) by extensions ['ignore', 'ignore_ament_install']
[0.389s] Level 1:colcon.colcon_core.package_identification:_identify(.) by extension 'ignore'
[0.389s] Level 1:colcon.colcon_core.package_identification:_identify(.) by extension 'ignore_ament_install'
[0.389s] Level 1:colcon.colcon_core.package_identification:_identify(.) by extensions ['colcon_pkg']
[0.389s] Level 1:colcon.colcon_core.package_identification:_identify(.) by extension 'colcon_pkg'
[0.389s] Level 1:colcon.colcon_core.package_identification:_identify(.) by extensions ['colcon_meta']
[0.389s] Level 1:colcon.colcon_core.package_identification:_identify(.) by extension 'colcon_meta'
[0.389s] Level 1:colcon.colcon_core.package_identification:_identify(.) by extensions ['ros']
[0.390s] Level 1:colcon.colcon_core.package_identification:_identify(.) by extension 'ros'
[0.406s] Level 1:colcon.colcon_core.package_identification:_identify(.) by extensions ['cmake', 'python']
[0.407s] Level 1:colcon.colcon_core.package_identification:_identify(.) by extension 'cmake'
[0.407s] Level 1:colcon.colcon_core.package_identification:_identify(.) by extension 'python'
[0.407s] Level 1:colcon.colcon_core.package_identification:_identify(.) by extensions ['python_setup_py']
[0.407s] Level 1:colcon.colcon_core.package_identification:_identify(.) by extension 'python_setup_py'
[0.407s] Level 1:colcon.colcon_core.package_identification:_identify(build) by extensions ['ignore', 'ignore_ament_install']
[0.407s] Level 1:colcon.colcon_core.package_identification:_identify(build) by extension 'ignore'
[0.407s] Level 1:colcon.colcon_core.package_identification:_identify(build) ignored
[0.407s] Level 1:colcon.colcon_core.package_identification:_identify(install) by extensions ['ignore', 'ignore_ament_install']
[0.408s] Level 1:colcon.colcon_core.package_identification:_identify(install) by extension 'ignore'
[0.408s] Level 1:colcon.colcon_core.package_identification:_identify(install) ignored
[0.408s] Level 1:colcon.colcon_core.package_identification:_identify(log) by extensions ['ignore', 'ignore_ament_install']
[0.408s] Level 1:colcon.colcon_core.package_identification:_identify(log) by extension 'ignore'
[0.408s] Level 1:colcon.colcon_core.package_identification:_identify(log) ignored
[0.408s] Level 1:colcon.colcon_core.package_identification:_identify(src) by extensions ['ignore', 'ignore_ament_install']
[0.409s] Level 1:colcon.colcon_core.package_identification:_identify(src) by extension 'ignore'
[0.409s] Level 1:colcon.colcon_core.package_identification:_identify(src) by extension 'ignore_ament_install'
[0.409s] Level 1:colcon.colcon_core.package_identification:_identify(src) by extensions ['colcon_pkg']
[0.409s] Level 1:colcon.colcon_core.package_identification:_identify(src) by extension 'colcon_pkg'
[0.409s] Level 1:colcon.colcon_core.package_identification:_identify(src) by extensions ['colcon_meta']
[0.409s] Level 1:colcon.colcon_core.package_identification:_identify(src) by extension 'colcon_meta'
[0.409s] Level 1:colcon.colcon_core.package_identification:_identify(src) by extensions ['ros']
[0.409s] Level 1:colcon.colcon_core.package_identification:_identify(src) by extension 'ros'
[0.409s] Level 1:colcon.colcon_core.package_identification:_identify(src) by extensions ['cmake', 'python']
[0.410s] Level 1:colcon.colcon_core.package_identification:_identify(src) by extension 'cmake'
[0.410s] Level 1:colcon.colcon_core.package_identification:_identify(src) by extension 'python'
[0.410s] Level 1:colcon.colcon_core.package_identification:_identify(src) by extensions ['python_setup_py']
[0.410s] Level 1:colcon.colcon_core.package_identification:_identify(src) by extension 'python_setup_py'
[0.411s] Level 1:colcon.colcon_core.package_identification:_identify(src/RoboSubTests) by extensions ['ignore', 'ignore_ament_install']
[0.411s] Level 1:colcon.colcon_core.package_identification:_identify(src/RoboSubTests) by extension 'ignore'
[0.411s] Level 1:colcon.colcon_core.package_identification:_identify(src/RoboSubTests) by extension 'ignore_ament_install'
[0.411s] Level 1:colcon.colcon_core.package_identification:_identify(src/RoboSubTests) by extensions ['colcon_pkg']
[0.411s] Level 1:colcon.colcon_core.package_identification:_identify(src/RoboSubTests) by extension 'colcon_pkg'
[0.412s] Level 1:colcon.colcon_core.package_identification:_identify(src/RoboSubTests) by extensions ['colcon_meta']
[0.412s] Level 1:colcon.colcon_core.package_identification:_identify(src/RoboSubTests) by extension 'colcon_meta'
[0.412s] Level 1:colcon.colcon_core.package_identification:_identify(src/RoboSubTests) by extensions ['ros']
[0.412s] Level 1:colcon.colcon_core.package_identification:_identify(src/RoboSubTests) by extension 'ros'
[0.412s] Level 1:colcon.colcon_core.package_identification:_identify(src/RoboSubTests) by extensions ['cmake', 'python']
[0.412s] Level 1:colcon.colcon_core.package_identification:_identify(src/RoboSubTests) by extension 'cmake'
[0.412s] Level 1:colcon.colcon_core.package_identification:_identify(src/RoboSubTests) by extension 'python'
[0.412s] Level 1:colcon.colcon_core.package_identification:_identify(src/RoboSubTests) by extensions ['python_setup_py']
[0.412s] Level 1:colcon.colcon_core.package_identification:_identify(src/RoboSubTests) by extension 'python_setup_py'
[0.413s] Level 1:colcon.colcon_core.package_identification:_identify(src/ros_testing) by extensions ['ignore', 'ignore_ament_install']
[0.413s] Level 1:colcon.colcon_core.package_identification:_identify(src/ros_testing) by extension 'ignore'
[0.413s] Level 1:colcon.colcon_core.package_identification:_identify(src/ros_testing) by extension 'ignore_ament_install'
[0.413s] Level 1:colcon.colcon_core.package_identification:_identify(src/ros_testing) by extensions ['colcon_pkg']
[0.413s] Level 1:colcon.colcon_core.package_identification:_identify(src/ros_testing) by extension 'colcon_pkg'
[0.413s] Level 1:colcon.colcon_core.package_identification:_identify(src/ros_testing) by extensions ['colcon_meta']
[0.413s] Level 1:colcon.colcon_core.package_identification:_identify(src/ros_testing) by extension 'colcon_meta'
[0.413s] Level 1:colcon.colcon_core.package_identification:_identify(src/ros_testing) by extensions ['ros']
[0.413s] Level 1:colcon.colcon_core.package_identification:_identify(src/ros_testing) by extension 'ros'
[0.413s] Level 1:colcon.colcon_core.package_identification:_identify(src/ros_testing) by extensions ['cmake', 'python']
[0.413s] Level 1:colcon.colcon_core.package_identification:_identify(src/ros_testing) by extension 'cmake'
[0.414s] Level 1:colcon.colcon_core.package_identification:_identify(src/ros_testing) by extension 'python'
[0.414s] Level 1:colcon.colcon_core.package_identification:_identify(src/ros_testing) by extensions ['python_setup_py']
[0.414s] Level 1:colcon.colcon_core.package_identification:_identify(src/ros_testing) by extension 'python_setup_py'
[0.414s] Level 1:colcon.colcon_core.package_identification:_identify(src/ros_testing/test_package) by extensions ['ignore', 'ignore_ament_install']
[0.414s] Level 1:colcon.colcon_core.package_identification:_identify(src/ros_testing/test_package) by extension 'ignore'
[0.414s] Level 1:colcon.colcon_core.package_identification:_identify(src/ros_testing/test_package) by extension 'ignore_ament_install'
[0.414s] Level 1:colcon.colcon_core.package_identification:_identify(src/ros_testing/test_package) by extensions ['colcon_pkg']
[0.414s] Level 1:colcon.colcon_core.package_identification:_identify(src/ros_testing/test_package) by extension 'colcon_pkg'
[0.414s] Level 1:colcon.colcon_core.package_identification:_identify(src/ros_testing/test_package) by extensions ['colcon_meta']
[0.414s] Level 1:colcon.colcon_core.package_identification:_identify(src/ros_testing/test_package) by extension 'colcon_meta'
[0.415s] Level 1:colcon.colcon_core.package_identification:_identify(src/ros_testing/test_package) by extensions ['ros']
[0.415s] Level 1:colcon.colcon_core.package_identification:_identify(src/ros_testing/test_package) by extension 'ros'
[0.418s] DEBUG:colcon.colcon_core.package_identification:Package 'src/ros_testing/test_package' with type 'ros.ament_cmake' and name 'test_package'
[0.418s] Level 1:colcon.colcon_core.package_discovery:discover_packages(recursive) using defaults
[0.419s] Level 1:colcon.colcon_core.package_discovery:discover_packages(ignore) discover
[0.419s] Level 1:colcon.colcon_core.package_discovery:discover_packages(ignore) using defaults
[0.419s] Level 1:colcon.colcon_core.package_discovery:discover_packages(path) discover
[0.419s] Level 1:colcon.colcon_core.package_discovery:discover_packages(path) using defaults
[0.451s] Level 5:colcon.colcon_core.verb:set package 'test_package' build argument 'cmake_args' from command line to 'None'
[0.451s] Level 5:colcon.colcon_core.verb:set package 'test_package' build argument 'cmake_target' from command line to 'None'
[0.451s] Level 5:colcon.colcon_core.verb:set package 'test_package' build argument 'cmake_target_skip_unavailable' from command line to 'False'
[0.451s] Level 5:colcon.colcon_core.verb:set package 'test_package' build argument 'cmake_clean_cache' from command line to 'False'
[0.451s] Level 5:colcon.colcon_core.verb:set package 'test_package' build argument 'cmake_clean_first' from command line to 'False'
[0.451s] Level 5:colcon.colcon_core.verb:set package 'test_package' build argument 'cmake_force_configure' from command line to 'False'
[0.451s] Level 5:colcon.colcon_core.verb:set package 'test_package' build argument 'ament_cmake_args' from command line to 'None'
[0.451s] Level 5:colcon.colcon_core.verb:set package 'test_package' build argument 'catkin_cmake_args' from command line to 'None'
[0.451s] Level 5:colcon.colcon_core.verb:set package 'test_package' build argument 'catkin_skip_building_tests' from command line to 'False'
[0.451s] DEBUG:colcon.colcon_core.verb:Building package 'test_package' with the following arguments: {'ament_cmake_args': None, 'build_base': '/home/Robosub/ros2_ws/build/test_package', 'catkin_cmake_args': None, 'catkin_skip_building_tests': False, 'cmake_args': None, 'cmake_clean_cache': False, 'cmake_clean_first': False, 'cmake_force_configure': False, 'cmake_target': None, 'cmake_target_skip_unavailable': False, 'install_base': '/home/Robosub/ros2_ws/install/test_package', 'merge_install': False, 'path': '/home/Robosub/ros2_ws/src/ros_testing/test_package', 'symlink_install': False, 'test_result_base': None}
[0.452s] INFO:colcon.colcon_core.executor:Executing jobs using 'parallel' executor
[0.454s] DEBUG:colcon.colcon_parallel_executor.executor.parallel:run_until_complete
[0.454s] INFO:colcon.colcon_ros.task.ament_cmake.build:Building ROS package in '/home/Robosub/ros2_ws/src/ros_testing/test_package' with build type 'ament_cmake'
[0.455s] INFO:colcon.colcon_cmake.task.cmake.build:Building CMake package in '/home/Robosub/ros2_ws/src/ros_testing/test_package'
[0.459s] INFO:colcon.colcon_core.plugin_system:Skipping extension 'colcon_core.shell.bat': Not used on non-Windows systems
[0.460s] INFO:colcon.colcon_core.shell:Skip shell extension 'powershell' for command environment: Not usable outside of PowerShell
[0.460s] DEBUG:colcon.colcon_core.shell:Skip shell extension 'dsv' for command environment
[0.479s] DEBUG:colcon.colcon_core.event_handler.log_command:Invoking command in '/home/Robosub/ros2_ws/build/test_package': CMAKE_PREFIX_PATH=${CMAKE_PREFIX_PATH}:/opt/ros/humble /usr/bin/cmake --build /home/Robosub/ros2_ws/build/test_package -- -j20 -l20
[0.939s] DEBUG:colcon.colcon_core.event_handler.log_command:Invoked command in '/home/Robosub/ros2_ws/build/test_package' returned '0': CMAKE_PREFIX_PATH=${CMAKE_PREFIX_PATH}:/opt/ros/humble /usr/bin/cmake --build /home/Robosub/ros2_ws/build/test_package -- -j20 -l20
[1.016s] DEBUG:colcon.colcon_core.event_handler.log_command:Invoking command in '/home/Robosub/ros2_ws/build/test_package': CMAKE_PREFIX_PATH=${CMAKE_PREFIX_PATH}:/opt/ros/humble /usr/bin/cmake --install /home/Robosub/ros2_ws/build/test_package
[1.036s] Level 1:colcon.colcon_core.environment:create_environment_scripts_only(test_package)
[1.037s] DEBUG:colcon.colcon_core.event_handler.log_command:Invoked command in '/home/Robosub/ros2_ws/build/test_package' returned '0': CMAKE_PREFIX_PATH=${CMAKE_PREFIX_PATH}:/opt/ros/humble /usr/bin/cmake --install /home/Robosub/ros2_ws/build/test_package
[1.042s] Level 1:colcon.colcon_core.environment:checking '/home/Robosub/ros2_ws/install/test_package' for CMake module files
[1.042s] Level 1:colcon.colcon_core.environment:checking '/home/Robosub/ros2_ws/install/test_package' for CMake config files
[1.043s] Level 1:colcon.colcon_core.shell:create_environment_hook('test_package', 'cmake_prefix_path')
[1.043s] INFO:colcon.colcon_core.shell:Creating environment hook '/home/Robosub/ros2_ws/install/test_package/share/test_package/hook/cmake_prefix_path.ps1'
[1.044s] INFO:colcon.colcon_core.shell:Creating environment descriptor '/home/Robosub/ros2_ws/install/test_package/share/test_package/hook/cmake_prefix_path.dsv'
[1.045s] INFO:colcon.colcon_core.shell:Creating environment hook '/home/Robosub/ros2_ws/install/test_package/share/test_package/hook/cmake_prefix_path.sh'
[1.046s] Level 1:colcon.colcon_core.environment:checking '/home/Robosub/ros2_ws/install/test_package/lib'
[1.046s] Level 1:colcon.colcon_core.environment:checking '/home/Robosub/ros2_ws/install/test_package/bin'
[1.046s] Level 1:colcon.colcon_core.environment:checking '/home/Robosub/ros2_ws/install/test_package/lib/pkgconfig/test_package.pc'
[1.049s] Level 1:colcon.colcon_core.environment:checking '/home/Robosub/ros2_ws/install/test_package/lib/python3.10/site-packages'
[1.049s] Level 1:colcon.colcon_core.environment:checking '/home/Robosub/ros2_ws/install/test_package/bin'
[1.050s] INFO:colcon.colcon_core.shell:Creating package script '/home/Robosub/ros2_ws/install/test_package/share/test_package/package.ps1'
[1.051s] INFO:colcon.colcon_core.shell:Creating package descriptor '/home/Robosub/ros2_ws/install/test_package/share/test_package/package.dsv'
[1.052s] INFO:colcon.colcon_core.shell:Creating package script '/home/Robosub/ros2_ws/install/test_package/share/test_package/package.sh'
[1.053s] INFO:colcon.colcon_core.shell:Creating package script '/home/Robosub/ros2_ws/install/test_package/share/test_package/package.bash'
[1.054s] INFO:colcon.colcon_core.shell:Creating package script '/home/Robosub/ros2_ws/install/test_package/share/test_package/package.zsh'
[1.055s] Level 1:colcon.colcon_core.environment:create_file_with_runtime_dependencies(/home/Robosub/ros2_ws/install/test_package/share/colcon-core/packages/test_package)
[1.090s] Level 1:colcon.colcon_core.environment:create_environment_scripts_only(test_package)
[1.090s] Level 1:colcon.colcon_core.environment:checking '/home/Robosub/ros2_ws/install/test_package' for CMake module files
[1.091s] Level 1:colcon.colcon_core.environment:checking '/home/Robosub/ros2_ws/install/test_package' for CMake config files
[1.092s] Level 1:colcon.colcon_core.shell:create_environment_hook('test_package', 'cmake_prefix_path')
[1.092s] INFO:colcon.colcon_core.shell:Creating environment hook '/home/Robosub/ros2_ws/install/test_package/share/test_package/hook/cmake_prefix_path.ps1'
[1.094s] INFO:colcon.colcon_core.shell:Creating environment descriptor '/home/Robosub/ros2_ws/install/test_package/share/test_package/hook/cmake_prefix_path.dsv'
[1.095s] INFO:colcon.colcon_core.shell:Creating environment hook '/home/Robosub/ros2_ws/install/test_package/share/test_package/hook/cmake_prefix_path.sh'
[1.096s] Level 1:colcon.colcon_core.environment:checking '/home/Robosub/ros2_ws/install/test_package/lib'
[1.096s] Level 1:colcon.colcon_core.environment:checking '/home/Robosub/ros2_ws/install/test_package/bin'
[1.096s] Level 1:colcon.colcon_core.environment:checking '/home/Robosub/ros2_ws/install/test_package/lib/pkgconfig/test_package.pc'
[1.097s] Level 1:colcon.colcon_core.environment:checking '/home/Robosub/ros2_ws/install/test_package/lib/python3.10/site-packages'
[1.097s] Level 1:colcon.colcon_core.environment:checking '/home/Robosub/ros2_ws/install/test_package/bin'
[1.097s] INFO:colcon.colcon_core.shell:Creating package script '/home/Robosub/ros2_ws/install/test_package/share/test_package/package.ps1'
[1.098s] INFO:colcon.colcon_core.shell:Creating package descriptor '/home/Robosub/ros2_ws/install/test_package/share/test_package/package.dsv'
[1.099s] INFO:colcon.colcon_core.shell:Creating package script '/home/Robosub/ros2_ws/install/test_package/share/test_package/package.sh'
[1.100s] INFO:colcon.colcon_core.shell:Creating package script '/home/Robosub/ros2_ws/install/test_package/share/test_package/package.bash'
[1.101s] INFO:colcon.colcon_core.shell:Creating package script '/home/Robosub/ros2_ws/install/test_package/share/test_package/package.zsh'
[1.102s] Level 1:colcon.colcon_core.environment:create_file_with_runtime_dependencies(/home/Robosub/ros2_ws/install/test_package/share/colcon-core/packages/test_package)
[1.102s] DEBUG:colcon.colcon_parallel_executor.executor.parallel:closing loop
[1.102s] DEBUG:colcon.colcon_parallel_executor.executor.parallel:loop closed
[1.103s] DEBUG:colcon.colcon_parallel_executor.executor.parallel:run_until_complete finished with '0'
[1.104s] DEBUG:colcon.colcon_core.event_reactor:joining thread
[1.118s] INFO:colcon.colcon_core.plugin_system:Skipping extension 'colcon_notification.desktop_notification.notify_send': Could not find 'notify-send'
[1.120s] INFO:colcon.colcon_core.plugin_system:Skipping extension 'colcon_notification.desktop_notification.terminal_notifier': Not used on non-Darwin systems
[1.121s] INFO:colcon.colcon_core.plugin_system:Skipping extension 'colcon_notification.desktop_notification.win32': Not used on non-Windows systems
[1.121s] INFO:colcon.colcon_notification.desktop_notification:Sending desktop notification using 'notify2'
[1.126s] DEBUG:colcon.colcon_notification.desktop_notification.notify2:Failed to initialize notify2: org.freedesktop.DBus.Error.Spawn.ExecFailed: /usr/bin/dbus-launch terminated abnormally without any error message
[1.126s] DEBUG:colcon.colcon_core.event_reactor:joined thread
[1.127s] INFO:colcon.colcon_core.shell:Creating prefix script '/home/Robosub/ros2_ws/install/local_setup.ps1'
[1.130s] INFO:colcon.colcon_core.shell:Creating prefix util module '/home/Robosub/ros2_ws/install/_local_setup_util_ps1.py'
[1.133s] INFO:colcon.colcon_core.shell:Creating prefix chain script '/home/Robosub/ros2_ws/install/setup.ps1'
[1.144s] INFO:colcon.colcon_core.shell:Creating prefix script '/home/Robosub/ros2_ws/install/local_setup.sh'
[1.144s] INFO:colcon.colcon_core.shell:Creating prefix util module '/home/Robosub/ros2_ws/install/_local_setup_util_sh.py'
[1.145s] INFO:colcon.colcon_core.shell:Creating prefix chain script '/home/Robosub/ros2_ws/install/setup.sh'
[1.148s] INFO:colcon.colcon_core.shell:Creating prefix script '/home/Robosub/ros2_ws/install/local_setup.bash'
[1.148s] INFO:colcon.colcon_core.shell:Creating prefix chain script '/home/Robosub/ros2_ws/install/setup.bash'
[1.151s] INFO:colcon.colcon_core.shell:Creating prefix script '/home/Robosub/ros2_ws/install/local_setup.zsh'
[1.151s] INFO:colcon.colcon_core.shell:Creating prefix chain script '/home/Robosub/ros2_ws/install/setup.zsh'
