[0.108s] DEBUG:colcon:Command line arguments: ['/usr/bin/colcon', 'build']
[0.109s] DEBUG:colcon:Parsed command line arguments: Namespace(log_base=None, log_level=None, verb_name='build', build_base='build', install_base='install', merge_install=False, symlink_install=False, test_result_base=None, continue_on_error=False, executor='parallel', parallel_workers=20, event_handlers=None, ignore_user_meta=False, metas=['./colcon.meta'], base_paths=['.'], packages_ignore=None, packages_ignore_regex=None, paths=None, packages_up_to=None, packages_up_to_regex=None, packages_above=None, packages_above_and_dependencies=None, packages_above_depth=None, packages_select_by_dep=None, packages_skip_by_dep=None, packages_skip_up_to=None, packages_select_build_failed=False, packages_skip_build_finished=False, packages_select_test_failures=False, packages_skip_test_passed=False, packages_select=None, packages_skip=None, packages_select_regex=None, packages_skip_regex=None, packages_start=None, packages_end=None, cmake_args=None, cmake_target=None, cmake_target_skip_unavailable=False, cmake_clean_cache=False, cmake_clean_first=False, cmake_force_configure=False, ament_cmake_args=None, catkin_cmake_args=None, catkin_skip_building_tests=False, mixin_files=None, mixin=None, verb_parser=<colcon_mixin.mixin.mixin_argument.MixinArgumentDecorator object at 0x7f3e788d0850>, verb_extension=<colcon_core.verb.build.BuildVerb object at 0x7f3e788d0220>, main=<bound method BuildVerb.main of <colcon_core.verb.build.BuildVerb object at 0x7f3e788d0220>>, mixin_verb=('build',))
[0.238s] Level 1:colcon.colcon_core.package_discovery:discover_packages(colcon_meta) check parameters
[0.238s] Level 1:colcon.colcon_core.package_discovery:discover_packages(recursive) check parameters
[0.238s] Level 1:colcon.colcon_core.package_discovery:discover_packages(ignore) check parameters
[0.238s] Level 1:colcon.colcon_core.package_discovery:discover_packages(path) check parameters
[0.238s] Level 1:colcon.colcon_core.package_discovery:discover_packages(colcon_meta) discover
[0.238s] Level 1:colcon.colcon_core.package_discovery:discover_packages(recursive) discover
[0.239s] INFO:colcon.colcon_core.package_discovery:Crawling recursively for packages in '/home/Robosub/ros2_ws'
[0.239s] Level 1:colcon.colcon_core.package_identification:_identify(.) by extensions ['ignore', 'ignore_ament_install']
[0.239s] Level 1:colcon.colcon_core.package_identification:_identify(.) by extension 'ignore'
[0.239s] Level 1:colcon.colcon_core.package_identification:_identify(.) by extension 'ignore_ament_install'
[0.239s] Level 1:colcon.colcon_core.package_identification:_identify(.) by extensions ['colcon_pkg']
[0.239s] Level 1:colcon.colcon_core.package_identification:_identify(.) by extension 'colcon_pkg'
[0.239s] Level 1:colcon.colcon_core.package_identification:_identify(.) by extensions ['colcon_meta']
[0.239s] Level 1:colcon.colcon_core.package_identification:_identify(.) by extension 'colcon_meta'
[0.239s] Level 1:colcon.colcon_core.package_identification:_identify(.) by extensions ['ros']
[0.239s] Level 1:colcon.colcon_core.package_identification:_identify(.) by extension 'ros'
[0.254s] Level 1:colcon.colcon_core.package_identification:_identify(.) by extensions ['cmake', 'python']
[0.254s] Level 1:colcon.colcon_core.package_identification:_identify(.) by extension 'cmake'
[0.254s] Level 1:colcon.colcon_core.package_identification:_identify(.) by extension 'python'
[0.254s] Level 1:colcon.colcon_core.package_identification:_identify(.) by extensions ['python_setup_py']
[0.254s] Level 1:colcon.colcon_core.package_identification:_identify(.) by extension 'python_setup_py'
[0.254s] Level 1:colcon.colcon_core.package_identification:_identify(build) by extensions ['ignore', 'ignore_ament_install']
[0.254s] Level 1:colcon.colcon_core.package_identification:_identify(build) by extension 'ignore'
[0.254s] Level 1:colcon.colcon_core.package_identification:_identify(build) ignored
[0.255s] Level 1:colcon.colcon_core.package_identification:_identify(install) by extensions ['ignore', 'ignore_ament_install']
[0.255s] Level 1:colcon.colcon_core.package_identification:_identify(install) by extension 'ignore'
[0.255s] Level 1:colcon.colcon_core.package_identification:_identify(install) ignored
[0.255s] Level 1:colcon.colcon_core.package_identification:_identify(log) by extensions ['ignore', 'ignore_ament_install']
[0.255s] Level 1:colcon.colcon_core.package_identification:_identify(log) by extension 'ignore'
[0.255s] Level 1:colcon.colcon_core.package_identification:_identify(log) ignored
[0.255s] Level 1:colcon.colcon_core.package_identification:_identify(src) by extensions ['ignore', 'ignore_ament_install']
[0.255s] Level 1:colcon.colcon_core.package_identification:_identify(src) by extension 'ignore'
[0.255s] Level 1:colcon.colcon_core.package_identification:_identify(src) by extension 'ignore_ament_install'
[0.255s] Level 1:colcon.colcon_core.package_identification:_identify(src) by extensions ['colcon_pkg']
[0.255s] Level 1:colcon.colcon_core.package_identification:_identify(src) by extension 'colcon_pkg'
[0.256s] Level 1:colcon.colcon_core.package_identification:_identify(src) by extensions ['colcon_meta']
[0.256s] Level 1:colcon.colcon_core.package_identification:_identify(src) by extension 'colcon_meta'
[0.256s] Level 1:colcon.colcon_core.package_identification:_identify(src) by extensions ['ros']
[0.256s] Level 1:colcon.colcon_core.package_identification:_identify(src) by extension 'ros'
[0.256s] Level 1:colcon.colcon_core.package_identification:_identify(src) by extensions ['cmake', 'python']
[0.256s] Level 1:colcon.colcon_core.package_identification:_identify(src) by extension 'cmake'
[0.256s] Level 1:colcon.colcon_core.package_identification:_identify(src) by extension 'python'
[0.256s] Level 1:colcon.colcon_core.package_identification:_identify(src) by extensions ['python_setup_py']
[0.256s] Level 1:colcon.colcon_core.package_identification:_identify(src) by extension 'python_setup_py'
[0.256s] Level 1:colcon.colcon_core.package_identification:_identify(src/ros_testing) by extensions ['ignore', 'ignore_ament_install']
[0.256s] Level 1:colcon.colcon_core.package_identification:_identify(src/ros_testing) by extension 'ignore'
[0.256s] Level 1:colcon.colcon_core.package_identification:_identify(src/ros_testing) by extension 'ignore_ament_install'
[0.256s] Level 1:colcon.colcon_core.package_identification:_identify(src/ros_testing) by extensions ['colcon_pkg']
[0.256s] Level 1:colcon.colcon_core.package_identification:_identify(src/ros_testing) by extension 'colcon_pkg'
[0.256s] Level 1:colcon.colcon_core.package_identification:_identify(src/ros_testing) by extensions ['colcon_meta']
[0.256s] Level 1:colcon.colcon_core.package_identification:_identify(src/ros_testing) by extension 'colcon_meta'
[0.256s] Level 1:colcon.colcon_core.package_identification:_identify(src/ros_testing) by extensions ['ros']
[0.256s] Level 1:colcon.colcon_core.package_identification:_identify(src/ros_testing) by extension 'ros'
[0.256s] Level 1:colcon.colcon_core.package_identification:_identify(src/ros_testing) by extensions ['cmake', 'python']
[0.256s] Level 1:colcon.colcon_core.package_identification:_identify(src/ros_testing) by extension 'cmake'
[0.256s] Level 1:colcon.colcon_core.package_identification:_identify(src/ros_testing) by extension 'python'
[0.256s] Level 1:colcon.colcon_core.package_identification:_identify(src/ros_testing) by extensions ['python_setup_py']
[0.257s] Level 1:colcon.colcon_core.package_identification:_identify(src/ros_testing) by extension 'python_setup_py'
[0.257s] Level 1:colcon.colcon_core.package_identification:_identify(src/ros_testing/test_package) by extensions ['ignore', 'ignore_ament_install']
[0.257s] Level 1:colcon.colcon_core.package_identification:_identify(src/ros_testing/test_package) by extension 'ignore'
[0.257s] Level 1:colcon.colcon_core.package_identification:_identify(src/ros_testing/test_package) by extension 'ignore_ament_install'
[0.257s] Level 1:colcon.colcon_core.package_identification:_identify(src/ros_testing/test_package) by extensions ['colcon_pkg']
[0.257s] Level 1:colcon.colcon_core.package_identification:_identify(src/ros_testing/test_package) by extension 'colcon_pkg'
[0.257s] Level 1:colcon.colcon_core.package_identification:_identify(src/ros_testing/test_package) by extensions ['colcon_meta']
[0.257s] Level 1:colcon.colcon_core.package_identification:_identify(src/ros_testing/test_package) by extension 'colcon_meta'
[0.257s] Level 1:colcon.colcon_core.package_identification:_identify(src/ros_testing/test_package) by extensions ['ros']
[0.257s] Level 1:colcon.colcon_core.package_identification:_identify(src/ros_testing/test_package) by extension 'ros'
[0.260s] DEBUG:colcon.colcon_core.package_identification:Package 'src/ros_testing/test_package' with type 'ros.ament_cmake' and name 'test_package'
[0.260s] Level 1:colcon.colcon_core.package_discovery:discover_packages(recursive) using defaults
[0.260s] Level 1:colcon.colcon_core.package_discovery:discover_packages(ignore) discover
[0.260s] Level 1:colcon.colcon_core.package_discovery:discover_packages(ignore) using defaults
[0.260s] Level 1:colcon.colcon_core.package_discovery:discover_packages(path) discover
[0.260s] Level 1:colcon.colcon_core.package_discovery:discover_packages(path) using defaults
[0.286s] Level 5:colcon.colcon_core.verb:set package 'test_package' build argument 'cmake_args' from command line to 'None'
[0.286s] Level 5:colcon.colcon_core.verb:set package 'test_package' build argument 'cmake_target' from command line to 'None'
[0.286s] Level 5:colcon.colcon_core.verb:set package 'test_package' build argument 'cmake_target_skip_unavailable' from command line to 'False'
[0.286s] Level 5:colcon.colcon_core.verb:set package 'test_package' build argument 'cmake_clean_cache' from command line to 'False'
[0.286s] Level 5:colcon.colcon_core.verb:set package 'test_package' build argument 'cmake_clean_first' from command line to 'False'
[0.286s] Level 5:colcon.colcon_core.verb:set package 'test_package' build argument 'cmake_force_configure' from command line to 'False'
[0.286s] Level 5:colcon.colcon_core.verb:set package 'test_package' build argument 'ament_cmake_args' from command line to 'None'
[0.286s] Level 5:colcon.colcon_core.verb:set package 'test_package' build argument 'catkin_cmake_args' from command line to 'None'
[0.286s] Level 5:colcon.colcon_core.verb:set package 'test_package' build argument 'catkin_skip_building_tests' from command line to 'False'
[0.286s] DEBUG:colcon.colcon_core.verb:Building package 'test_package' with the following arguments: {'ament_cmake_args': None, 'build_base': '/home/Robosub/ros2_ws/build/test_package', 'catkin_cmake_args': None, 'catkin_skip_building_tests': False, 'cmake_args': None, 'cmake_clean_cache': False, 'cmake_clean_first': False, 'cmake_force_configure': False, 'cmake_target': None, 'cmake_target_skip_unavailable': False, 'install_base': '/home/Robosub/ros2_ws/install/test_package', 'merge_install': False, 'path': '/home/Robosub/ros2_ws/src/ros_testing/test_package', 'symlink_install': False, 'test_result_base': None}
[0.286s] INFO:colcon.colcon_core.executor:Executing jobs using 'parallel' executor
[0.287s] DEBUG:colcon.colcon_parallel_executor.executor.parallel:run_until_complete
[0.287s] INFO:colcon.colcon_ros.task.ament_cmake.build:Building ROS package in '/home/Robosub/ros2_ws/src/ros_testing/test_package' with build type 'ament_cmake'
[0.287s] INFO:colcon.colcon_cmake.task.cmake.build:Building CMake package in '/home/Robosub/ros2_ws/src/ros_testing/test_package'
[0.290s] INFO:colcon.colcon_core.plugin_system:Skipping extension 'colcon_core.shell.bat': Not used on non-Windows systems
[0.290s] INFO:colcon.colcon_core.shell:Skip shell extension 'powershell' for command environment: Not usable outside of PowerShell
[0.290s] DEBUG:colcon.colcon_core.shell:Skip shell extension 'dsv' for command environment
[0.309s] DEBUG:colcon.colcon_core.event_handler.log_command:Invoking command in '/home/Robosub/ros2_ws/build/test_package': CMAKE_PREFIX_PATH=${CMAKE_PREFIX_PATH}:/opt/ros/humble /usr/bin/cmake --build /home/Robosub/ros2_ws/build/test_package -- -j20 -l20
[0.346s] DEBUG:colcon.colcon_core.event_handler.log_command:Invoked command in '/home/Robosub/ros2_ws/build/test_package' returned '0': CMAKE_PREFIX_PATH=${CMAKE_PREFIX_PATH}:/opt/ros/humble /usr/bin/cmake --build /home/Robosub/ros2_ws/build/test_package -- -j20 -l20
[0.369s] DEBUG:colcon.colcon_core.event_handler.log_command:Invoking command in '/home/Robosub/ros2_ws/build/test_package': CMAKE_PREFIX_PATH=${CMAKE_PREFIX_PATH}:/opt/ros/humble /usr/bin/cmake --install /home/Robosub/ros2_ws/build/test_package
[0.388s] Level 1:colcon.colcon_core.environment:create_environment_scripts_only(test_package)
[0.389s] DEBUG:colcon.colcon_core.event_handler.log_command:Invoked command in '/home/Robosub/ros2_ws/build/test_package' returned '0': CMAKE_PREFIX_PATH=${CMAKE_PREFIX_PATH}:/opt/ros/humble /usr/bin/cmake --install /home/Robosub/ros2_ws/build/test_package
[0.391s] Level 1:colcon.colcon_core.environment:checking '/home/Robosub/ros2_ws/install/test_package' for CMake module files
[0.392s] Level 1:colcon.colcon_core.environment:checking '/home/Robosub/ros2_ws/install/test_package' for CMake config files
[0.392s] Level 1:colcon.colcon_core.shell:create_environment_hook('test_package', 'cmake_prefix_path')
[0.392s] INFO:colcon.colcon_core.shell:Creating environment hook '/home/Robosub/ros2_ws/install/test_package/share/test_package/hook/cmake_prefix_path.ps1'
[0.393s] INFO:colcon.colcon_core.shell:Creating environment descriptor '/home/Robosub/ros2_ws/install/test_package/share/test_package/hook/cmake_prefix_path.dsv'
[0.393s] INFO:colcon.colcon_core.shell:Creating environment hook '/home/Robosub/ros2_ws/install/test_package/share/test_package/hook/cmake_prefix_path.sh'
[0.394s] Level 1:colcon.colcon_core.environment:checking '/home/Robosub/ros2_ws/install/test_package/lib'
[0.394s] Level 1:colcon.colcon_core.environment:checking '/home/Robosub/ros2_ws/install/test_package/bin'
[0.394s] Level 1:colcon.colcon_core.environment:checking '/home/Robosub/ros2_ws/install/test_package/lib/pkgconfig/test_package.pc'
[0.397s] Level 1:colcon.colcon_core.environment:checking '/home/Robosub/ros2_ws/install/test_package/lib/python3.10/site-packages'
[0.397s] Level 1:colcon.colcon_core.environment:checking '/home/Robosub/ros2_ws/install/test_package/bin'
[0.398s] INFO:colcon.colcon_core.shell:Creating package script '/home/Robosub/ros2_ws/install/test_package/share/test_package/package.ps1'
[0.399s] INFO:colcon.colcon_core.shell:Creating package descriptor '/home/Robosub/ros2_ws/install/test_package/share/test_package/package.dsv'
[0.399s] INFO:colcon.colcon_core.shell:Creating package script '/home/Robosub/ros2_ws/install/test_package/share/test_package/package.sh'
[0.401s] INFO:colcon.colcon_core.shell:Creating package script '/home/Robosub/ros2_ws/install/test_package/share/test_package/package.bash'
[0.402s] INFO:colcon.colcon_core.shell:Creating package script '/home/Robosub/ros2_ws/install/test_package/share/test_package/package.zsh'
[0.402s] Level 1:colcon.colcon_core.environment:create_file_with_runtime_dependencies(/home/Robosub/ros2_ws/install/test_package/share/colcon-core/packages/test_package)
[0.420s] Level 1:colcon.colcon_core.environment:create_environment_scripts_only(test_package)
[0.420s] Level 1:colcon.colcon_core.environment:checking '/home/Robosub/ros2_ws/install/test_package' for CMake module files
[0.420s] Level 1:colcon.colcon_core.environment:checking '/home/Robosub/ros2_ws/install/test_package' for CMake config files
[0.421s] Level 1:colcon.colcon_core.shell:create_environment_hook('test_package', 'cmake_prefix_path')
[0.421s] INFO:colcon.colcon_core.shell:Creating environment hook '/home/Robosub/ros2_ws/install/test_package/share/test_package/hook/cmake_prefix_path.ps1'
[0.421s] INFO:colcon.colcon_core.shell:Creating environment descriptor '/home/Robosub/ros2_ws/install/test_package/share/test_package/hook/cmake_prefix_path.dsv'
[0.422s] INFO:colcon.colcon_core.shell:Creating environment hook '/home/Robosub/ros2_ws/install/test_package/share/test_package/hook/cmake_prefix_path.sh'
[0.422s] Level 1:colcon.colcon_core.environment:checking '/home/Robosub/ros2_ws/install/test_package/lib'
[0.422s] Level 1:colcon.colcon_core.environment:checking '/home/Robosub/ros2_ws/install/test_package/bin'
[0.422s] Level 1:colcon.colcon_core.environment:checking '/home/Robosub/ros2_ws/install/test_package/lib/pkgconfig/test_package.pc'
[0.422s] Level 1:colcon.colcon_core.environment:checking '/home/Robosub/ros2_ws/install/test_package/lib/python3.10/site-packages'
[0.423s] Level 1:colcon.colcon_core.environment:checking '/home/Robosub/ros2_ws/install/test_package/bin'
[0.423s] INFO:colcon.colcon_core.shell:Creating package script '/home/Robosub/ros2_ws/install/test_package/share/test_package/package.ps1'
[0.423s] INFO:colcon.colcon_core.shell:Creating package descriptor '/home/Robosub/ros2_ws/install/test_package/share/test_package/package.dsv'
[0.424s] INFO:colcon.colcon_core.shell:Creating package script '/home/Robosub/ros2_ws/install/test_package/share/test_package/package.sh'
[0.424s] INFO:colcon.colcon_core.shell:Creating package script '/home/Robosub/ros2_ws/install/test_package/share/test_package/package.bash'
[0.424s] INFO:colcon.colcon_core.shell:Creating package script '/home/Robosub/ros2_ws/install/test_package/share/test_package/package.zsh'
[0.424s] Level 1:colcon.colcon_core.environment:create_file_with_runtime_dependencies(/home/Robosub/ros2_ws/install/test_package/share/colcon-core/packages/test_package)
[0.425s] DEBUG:colcon.colcon_parallel_executor.executor.parallel:closing loop
[0.425s] DEBUG:colcon.colcon_parallel_executor.executor.parallel:loop closed
[0.425s] DEBUG:colcon.colcon_parallel_executor.executor.parallel:run_until_complete finished with '0'
[0.426s] DEBUG:colcon.colcon_core.event_reactor:joining thread
[0.430s] INFO:colcon.colcon_core.plugin_system:Skipping extension 'colcon_notification.desktop_notification.notify_send': Could not find 'notify-send'
[0.430s] INFO:colcon.colcon_core.plugin_system:Skipping extension 'colcon_notification.desktop_notification.terminal_notifier': Not used on non-Darwin systems
[0.430s] INFO:colcon.colcon_core.plugin_system:Skipping extension 'colcon_notification.desktop_notification.win32': Not used on non-Windows systems
[0.431s] INFO:colcon.colcon_notification.desktop_notification:Sending desktop notification using 'notify2'
[0.432s] DEBUG:colcon.colcon_notification.desktop_notification.notify2:Failed to initialize notify2: org.freedesktop.DBus.Error.Spawn.ExecFailed: /usr/bin/dbus-launch terminated abnormally without any error message
[0.432s] DEBUG:colcon.colcon_core.event_reactor:joined thread
[0.433s] INFO:colcon.colcon_core.shell:Creating prefix script '/home/Robosub/ros2_ws/install/local_setup.ps1'
[0.434s] INFO:colcon.colcon_core.shell:Creating prefix util module '/home/Robosub/ros2_ws/install/_local_setup_util_ps1.py'
[0.435s] INFO:colcon.colcon_core.shell:Creating prefix chain script '/home/Robosub/ros2_ws/install/setup.ps1'
[0.437s] INFO:colcon.colcon_core.shell:Creating prefix script '/home/Robosub/ros2_ws/install/local_setup.sh'
[0.438s] INFO:colcon.colcon_core.shell:Creating prefix util module '/home/Robosub/ros2_ws/install/_local_setup_util_sh.py'
[0.438s] INFO:colcon.colcon_core.shell:Creating prefix chain script '/home/Robosub/ros2_ws/install/setup.sh'
[0.439s] INFO:colcon.colcon_core.shell:Creating prefix script '/home/Robosub/ros2_ws/install/local_setup.bash'
[0.440s] INFO:colcon.colcon_core.shell:Creating prefix chain script '/home/Robosub/ros2_ws/install/setup.bash'
[0.441s] INFO:colcon.colcon_core.shell:Creating prefix script '/home/Robosub/ros2_ws/install/local_setup.zsh'
[0.441s] INFO:colcon.colcon_core.shell:Creating prefix chain script '/home/Robosub/ros2_ws/install/setup.zsh'
